<?xml version="1.1" encoding="UTF-8"?>
<?totaltestVersion 20.2.2.v20200429-0333_140?>
<!--Topaz for Total Test 20.2.2.v20200429-0333_140 May 6, 2020 5:12:25 PM-->
<testsuites>
  <testsuite errors="0" failures="0" name="CWKTDB2X_Unit_Tests.CWKTDB2X_Scenario.00001: CWKTDB2XCase1" tests="5">
    <testcase classname="CWKTDB2X_Unit_Tests.CWKTDB2X_Scenario.00001: CWKTDB2XCase1" name="00001: Check for RETURN_CODE"/>
    <testcase classname="CWKTDB2X_Unit_Tests.CWKTDB2X_Scenario.00001: CWKTDB2XCase1" name="00002: Check for PARM_LTH"/>
    <testcase classname="CWKTDB2X_Unit_Tests.CWKTDB2X_Scenario.00001: CWKTDB2XCase1" name="00003: Check for PARM_DATA"/>
    <testcase classname="CWKTDB2X_Unit_Tests.CWKTDB2X_Scenario.00001: CWKTDB2XCase1" name="00004: Check for GRAND_TOTAL"/>
    <testcase classname="CWKTDB2X_Unit_Tests.CWKTDB2X_Scenario.00001: CWKTDB2XCase1" name="00005: Check for TOTAL_RECORD"/>
  </testsuite>
  <testsuite errors="0" failures="0" name="CWKTDB2X_Unit_Tests.CWKTDB2X_Scenario.00001: CWKTDB2XCase1.CWKTDB2X_CWKTDATE_01.00001: CWKTDATE assertion" tests="6">
    <testcase classname="CWKTDB2X_Unit_Tests.CWKTDB2X_Scenario.00001: CWKTDB2XCase1.CWKTDB2X_CWKTDATE_01.00001: CWKTDATE assertion" name="00001: Check for END_OF_MONTH_SW"/>
    <testcase classname="CWKTDB2X_Unit_Tests.CWKTDB2X_Scenario.00001: CWKTDB2XCase1.CWKTDB2X_CWKTDATE_01.00001: CWKTDATE assertion" name="00002: Check for YRS_OF_SERVICE"/>
    <testcase classname="CWKTDB2X_Unit_Tests.CWKTDB2X_Scenario.00001: CWKTDB2XCase1.CWKTDB2X_CWKTDATE_01.00001: CWKTDATE assertion" name="00003: Check for TODAYS_DATE"/>
    <testcase classname="CWKTDB2X_Unit_Tests.CWKTDB2X_Scenario.00001: CWKTDB2XCase1.CWKTDB2X_CWKTDATE_01.00001: CWKTDATE assertion" name="00004: Check for WA_EMP_HIRE_YY"/>
    <testcase classname="CWKTDB2X_Unit_Tests.CWKTDB2X_Scenario.00001: CWKTDB2XCase1.CWKTDB2X_CWKTDATE_01.00001: CWKTDATE assertion" name="00005: Check for WA_EMP_HIRE_MM"/>
    <testcase classname="CWKTDB2X_Unit_Tests.CWKTDB2X_Scenario.00001: CWKTDB2XCase1.CWKTDB2X_CWKTDATE_01.00001: CWKTDATE assertion" name="00006: Check for WA_EMP_HIRE_DD"/>
  </testsuite>
  <testsuite errors="0" failures="0" name="CWKTDB2X_Unit_Tests.CWKTDB2X_Scenario.00001: CWKTDB2XCase1.CWKTDB2X_CWKTDATE_01.00002: CWKTDATE assertion" tests="12">
    <testcase classname="CWKTDB2X_Unit_Tests.CWKTDB2X_Scenario.00001: CWKTDB2XCase1.CWKTDB2X_CWKTDATE_01.00002: CWKTDATE assertion" name="00001: Check for END_OF_MONTH_SW"/>
    <testcase classname="CWKTDB2X_Unit_Tests.CWKTDB2X_Scenario.00001: CWKTDB2XCase1.CWKTDB2X_CWKTDATE_01.00002: CWKTDATE assertion" name="00002: Check for YRS_OF_SERVICE"/>
    <testcase classname="CWKTDB2X_Unit_Tests.CWKTDB2X_Scenario.00001: CWKTDB2XCase1.CWKTDB2X_CWKTDATE_01.00002: CWKTDATE assertion" name="00003: Check for TODAYS_DATE"/>
    <testcase classname="CWKTDB2X_Unit_Tests.CWKTDB2X_Scenario.00001: CWKTDB2XCase1.CWKTDB2X_CWKTDATE_01.00002: CWKTDATE assertion" name="00004: Check for WA_EMP_HIRE_YY"/>
    <testcase classname="CWKTDB2X_Unit_Tests.CWKTDB2X_Scenario.00001: CWKTDB2XCase1.CWKTDB2X_CWKTDATE_01.00002: CWKTDATE assertion" name="00005: Check for WA_EMP_HIRE_MM"/>
    <testcase classname="CWKTDB2X_Unit_Tests.CWKTDB2X_Scenario.00001: CWKTDB2XCase1.CWKTDB2X_CWKTDATE_01.00002: CWKTDATE assertion" name="00006: Check for WA_EMP_HIRE_DD"/>
  </testsuite>
  <testsuite errors="0" failures="0" name="CWKTDB2X_Unit_Tests.CWKTDB2X_Scenario.00001: CWKTDB2XCase1.CWKTDB2X_CWKTDATE_01.00003: CWKTDATE assertion" tests="18">
    <testcase classname="CWKTDB2X_Unit_Tests.CWKTDB2X_Scenario.00001: CWKTDB2XCase1.CWKTDB2X_CWKTDATE_01.00003: CWKTDATE assertion" name="00001: Check for END_OF_MONTH_SW"/>
    <testcase classname="CWKTDB2X_Unit_Tests.CWKTDB2X_Scenario.00001: CWKTDB2XCase1.CWKTDB2X_CWKTDATE_01.00003: CWKTDATE assertion" name="00002: Check for YRS_OF_SERVICE"/>
    <testcase classname="CWKTDB2X_Unit_Tests.CWKTDB2X_Scenario.00001: CWKTDB2XCase1.CWKTDB2X_CWKTDATE_01.00003: CWKTDATE assertion" name="00003: Check for TODAYS_DATE"/>
    <testcase classname="CWKTDB2X_Unit_Tests.CWKTDB2X_Scenario.00001: CWKTDB2XCase1.CWKTDB2X_CWKTDATE_01.00003: CWKTDATE assertion" name="00004: Check for WA_EMP_HIRE_YY"/>
    <testcase classname="CWKTDB2X_Unit_Tests.CWKTDB2X_Scenario.00001: CWKTDB2XCase1.CWKTDB2X_CWKTDATE_01.00003: CWKTDATE assertion" name="00005: Check for WA_EMP_HIRE_MM"/>
    <testcase classname="CWKTDB2X_Unit_Tests.CWKTDB2X_Scenario.00001: CWKTDB2XCase1.CWKTDB2X_CWKTDATE_01.00003: CWKTDATE assertion" name="00006: Check for WA_EMP_HIRE_DD"/>
  </testsuite>
  <testsuite errors="0" failures="0" name="CWKTDB2X_Unit_Tests.CWKTDB2X_Scenario.00001: CWKTDB2XCase1.CWKTDB2X_CWKTDATE_01.00004: CWKTDATE assertion" tests="24">
    <testcase classname="CWKTDB2X_Unit_Tests.CWKTDB2X_Scenario.00001: CWKTDB2XCase1.CWKTDB2X_CWKTDATE_01.00004: CWKTDATE assertion" name="00001: Check for END_OF_MONTH_SW"/>
    <testcase classname="CWKTDB2X_Unit_Tests.CWKTDB2X_Scenario.00001: CWKTDB2XCase1.CWKTDB2X_CWKTDATE_01.00004: CWKTDATE assertion" name="00002: Check for YRS_OF_SERVICE"/>
    <testcase classname="CWKTDB2X_Unit_Tests.CWKTDB2X_Scenario.00001: CWKTDB2XCase1.CWKTDB2X_CWKTDATE_01.00004: CWKTDATE assertion" name="00003: Check for TODAYS_DATE"/>
    <testcase classname="CWKTDB2X_Unit_Tests.CWKTDB2X_Scenario.00001: CWKTDB2XCase1.CWKTDB2X_CWKTDATE_01.00004: CWKTDATE assertion" name="00004: Check for WA_EMP_HIRE_YY"/>
    <testcase classname="CWKTDB2X_Unit_Tests.CWKTDB2X_Scenario.00001: CWKTDB2XCase1.CWKTDB2X_CWKTDATE_01.00004: CWKTDATE assertion" name="00005: Check for WA_EMP_HIRE_MM"/>
    <testcase classname="CWKTDB2X_Unit_Tests.CWKTDB2X_Scenario.00001: CWKTDB2XCase1.CWKTDB2X_CWKTDATE_01.00004: CWKTDATE assertion" name="00006: Check for WA_EMP_HIRE_DD"/>
  </testsuite>
  <testsuite errors="0" failures="0" name="CWKTDB2X_Unit_Tests.CWKTDB2X_Scenario.00001: CWKTDB2XCase1.CWKTDB2X_CWKTDATE_01.00005: CWKTDATE assertion" tests="30">
    <testcase classname="CWKTDB2X_Unit_Tests.CWKTDB2X_Scenario.00001: CWKTDB2XCase1.CWKTDB2X_CWKTDATE_01.00005: CWKTDATE assertion" name="00001: Check for END_OF_MONTH_SW"/>
    <testcase classname="CWKTDB2X_Unit_Tests.CWKTDB2X_Scenario.00001: CWKTDB2XCase1.CWKTDB2X_CWKTDATE_01.00005: CWKTDATE assertion" name="00002: Check for YRS_OF_SERVICE"/>
    <testcase classname="CWKTDB2X_Unit_Tests.CWKTDB2X_Scenario.00001: CWKTDB2XCase1.CWKTDB2X_CWKTDATE_01.00005: CWKTDATE assertion" name="00003: Check for TODAYS_DATE"/>
    <testcase classname="CWKTDB2X_Unit_Tests.CWKTDB2X_Scenario.00001: CWKTDB2XCase1.CWKTDB2X_CWKTDATE_01.00005: CWKTDATE assertion" name="00004: Check for WA_EMP_HIRE_YY"/>
    <testcase classname="CWKTDB2X_Unit_Tests.CWKTDB2X_Scenario.00001: CWKTDB2XCase1.CWKTDB2X_CWKTDATE_01.00005: CWKTDATE assertion" name="00005: Check for WA_EMP_HIRE_MM"/>
    <testcase classname="CWKTDB2X_Unit_Tests.CWKTDB2X_Scenario.00001: CWKTDB2XCase1.CWKTDB2X_CWKTDATE_01.00005: CWKTDATE assertion" name="00006: Check for WA_EMP_HIRE_DD"/>
  </testsuite>
  <testsuite errors="0" failures="0" name="CWKTDB2X_Unit_Tests.CWKTDB2X_Scenario.00001: CWKTDB2XCase1.CWKTDB2X_CWKTDATE_01.00006: CWKTDATE assertion" tests="36">
    <testcase classname="CWKTDB2X_Unit_Tests.CWKTDB2X_Scenario.00001: CWKTDB2XCase1.CWKTDB2X_CWKTDATE_01.00006: CWKTDATE assertion" name="00001: Check for END_OF_MONTH_SW"/>
    <testcase classname="CWKTDB2X_Unit_Tests.CWKTDB2X_Scenario.00001: CWKTDB2XCase1.CWKTDB2X_CWKTDATE_01.00006: CWKTDATE assertion" name="00002: Check for YRS_OF_SERVICE"/>
    <testcase classname="CWKTDB2X_Unit_Tests.CWKTDB2X_Scenario.00001: CWKTDB2XCase1.CWKTDB2X_CWKTDATE_01.00006: CWKTDATE assertion" name="00003: Check for TODAYS_DATE"/>
    <testcase classname="CWKTDB2X_Unit_Tests.CWKTDB2X_Scenario.00001: CWKTDB2XCase1.CWKTDB2X_CWKTDATE_01.00006: CWKTDATE assertion" name="00004: Check for WA_EMP_HIRE_YY"/>
    <testcase classname="CWKTDB2X_Unit_Tests.CWKTDB2X_Scenario.00001: CWKTDB2XCase1.CWKTDB2X_CWKTDATE_01.00006: CWKTDATE assertion" name="00005: Check for WA_EMP_HIRE_MM"/>
    <testcase classname="CWKTDB2X_Unit_Tests.CWKTDB2X_Scenario.00001: CWKTDB2XCase1.CWKTDB2X_CWKTDATE_01.00006: CWKTDATE assertion" name="00006: Check for WA_EMP_HIRE_DD"/>
  </testsuite>
  <testsuite errors="0" failures="0" name="CWKTDB2X_Unit_Tests.CWKTDB2X_Scenario.00001: CWKTDB2XCase1.CWKTDB2X_CWKTDATE_01.00007: CWKTDATE assertion" tests="42">
    <testcase classname="CWKTDB2X_Unit_Tests.CWKTDB2X_Scenario.00001: CWKTDB2XCase1.CWKTDB2X_CWKTDATE_01.00007: CWKTDATE assertion" name="00001: Check for END_OF_MONTH_SW"/>
    <testcase classname="CWKTDB2X_Unit_Tests.CWKTDB2X_Scenario.00001: CWKTDB2XCase1.CWKTDB2X_CWKTDATE_01.00007: CWKTDATE assertion" name="00002: Check for YRS_OF_SERVICE"/>
    <testcase classname="CWKTDB2X_Unit_Tests.CWKTDB2X_Scenario.00001: CWKTDB2XCase1.CWKTDB2X_CWKTDATE_01.00007: CWKTDATE assertion" name="00003: Check for TODAYS_DATE"/>
    <testcase classname="CWKTDB2X_Unit_Tests.CWKTDB2X_Scenario.00001: CWKTDB2XCase1.CWKTDB2X_CWKTDATE_01.00007: CWKTDATE assertion" name="00004: Check for WA_EMP_HIRE_YY"/>
    <testcase classname="CWKTDB2X_Unit_Tests.CWKTDB2X_Scenario.00001: CWKTDB2XCase1.CWKTDB2X_CWKTDATE_01.00007: CWKTDATE assertion" name="00005: Check for WA_EMP_HIRE_MM"/>
    <testcase classname="CWKTDB2X_Unit_Tests.CWKTDB2X_Scenario.00001: CWKTDB2XCase1.CWKTDB2X_CWKTDATE_01.00007: CWKTDATE assertion" name="00006: Check for WA_EMP_HIRE_DD"/>
  </testsuite>
  <testsuite errors="0" failures="0" name="CWKTDB2X_Unit_Tests.CWKTDB2X_Scenario.00001: CWKTDB2XCase1.CWKTDB2X_CWKTDATE_01.00008: CWKTDATE assertion" tests="48">
    <testcase classname="CWKTDB2X_Unit_Tests.CWKTDB2X_Scenario.00001: CWKTDB2XCase1.CWKTDB2X_CWKTDATE_01.00008: CWKTDATE assertion" name="00001: Check for END_OF_MONTH_SW"/>
    <testcase classname="CWKTDB2X_Unit_Tests.CWKTDB2X_Scenario.00001: CWKTDB2XCase1.CWKTDB2X_CWKTDATE_01.00008: CWKTDATE assertion" name="00002: Check for YRS_OF_SERVICE"/>
    <testcase classname="CWKTDB2X_Unit_Tests.CWKTDB2X_Scenario.00001: CWKTDB2XCase1.CWKTDB2X_CWKTDATE_01.00008: CWKTDATE assertion" name="00003: Check for TODAYS_DATE"/>
    <testcase classname="CWKTDB2X_Unit_Tests.CWKTDB2X_Scenario.00001: CWKTDB2XCase1.CWKTDB2X_CWKTDATE_01.00008: CWKTDATE assertion" name="00004: Check for WA_EMP_HIRE_YY"/>
    <testcase classname="CWKTDB2X_Unit_Tests.CWKTDB2X_Scenario.00001: CWKTDB2XCase1.CWKTDB2X_CWKTDATE_01.00008: CWKTDATE assertion" name="00005: Check for WA_EMP_HIRE_MM"/>
    <testcase classname="CWKTDB2X_Unit_Tests.CWKTDB2X_Scenario.00001: CWKTDB2XCase1.CWKTDB2X_CWKTDATE_01.00008: CWKTDATE assertion" name="00006: Check for WA_EMP_HIRE_DD"/>
  </testsuite>
  <testsuite errors="0" failures="0" name="CWKTDB2X_Unit_Tests.CWKTDB2X_Scenario.00001: CWKTDB2XCase1.CWKTDB2X_CWKTDATE_01.00009: CWKTDATE assertion" tests="54">
    <testcase classname="CWKTDB2X_Unit_Tests.CWKTDB2X_Scenario.00001: CWKTDB2XCase1.CWKTDB2X_CWKTDATE_01.00009: CWKTDATE assertion" name="00001: Check for END_OF_MONTH_SW"/>
    <testcase classname="CWKTDB2X_Unit_Tests.CWKTDB2X_Scenario.00001: CWKTDB2XCase1.CWKTDB2X_CWKTDATE_01.00009: CWKTDATE assertion" name="00002: Check for YRS_OF_SERVICE"/>
    <testcase classname="CWKTDB2X_Unit_Tests.CWKTDB2X_Scenario.00001: CWKTDB2XCase1.CWKTDB2X_CWKTDATE_01.00009: CWKTDATE assertion" name="00003: Check for TODAYS_DATE"/>
    <testcase classname="CWKTDB2X_Unit_Tests.CWKTDB2X_Scenario.00001: CWKTDB2XCase1.CWKTDB2X_CWKTDATE_01.00009: CWKTDATE assertion" name="00004: Check for WA_EMP_HIRE_YY"/>
    <testcase classname="CWKTDB2X_Unit_Tests.CWKTDB2X_Scenario.00001: CWKTDB2XCase1.CWKTDB2X_CWKTDATE_01.00009: CWKTDATE assertion" name="00005: Check for WA_EMP_HIRE_MM"/>
    <testcase classname="CWKTDB2X_Unit_Tests.CWKTDB2X_Scenario.00001: CWKTDB2XCase1.CWKTDB2X_CWKTDATE_01.00009: CWKTDATE assertion" name="00006: Check for WA_EMP_HIRE_DD"/>
  </testsuite>
  <testsuite errors="0" failures="0" name="CWKTDB2X_Unit_Tests.CWKTDB2X_Scenario.00001: CWKTDB2XCase1.CWKTDB2X_CWKTSQL_01.00001: CWKTSQL assertion" tests="26">
    <testcase classname="CWKTDB2X_Unit_Tests.CWKTDB2X_Scenario.00001: CWKTDB2XCase1.CWKTDB2X_CWKTSQL_01.00001: CWKTSQL assertion" name="00001: Check for WS_SQL_FUNCTION"/>
    <testcase classname="CWKTDB2X_Unit_Tests.CWKTDB2X_Scenario.00001: CWKTDB2XCase1.CWKTDB2X_CWKTSQL_01.00001: CWKTSQL assertion" name="00002: Check for SQLCODE"/>
    <testcase classname="CWKTDB2X_Unit_Tests.CWKTDB2X_Scenario.00001: CWKTDB2XCase1.CWKTDB2X_CWKTSQL_01.00001: CWKTSQL assertion" name="00003: Check for WA_EMP_NUM"/>
    <testcase classname="CWKTDB2X_Unit_Tests.CWKTDB2X_Scenario.00001: CWKTDB2XCase1.CWKTDB2X_CWKTSQL_01.00001: CWKTSQL assertion" name="00004: Check for WA_EMP_TYPE"/>
    <testcase classname="CWKTDB2X_Unit_Tests.CWKTDB2X_Scenario.00001: CWKTDB2XCase1.CWKTDB2X_CWKTSQL_01.00001: CWKTSQL assertion" name="00005: Check for WA_EMP_REGION"/>
    <testcase classname="CWKTDB2X_Unit_Tests.CWKTDB2X_Scenario.00001: CWKTDB2XCase1.CWKTDB2X_CWKTSQL_01.00001: CWKTSQL assertion" name="00006: Check for WA_EMP_NAME"/>
    <testcase classname="CWKTDB2X_Unit_Tests.CWKTDB2X_Scenario.00001: CWKTDB2XCase1.CWKTDB2X_CWKTSQL_01.00001: CWKTSQL assertion" name="00007: Check for WA_EMP_STREET"/>
    <testcase classname="CWKTDB2X_Unit_Tests.CWKTDB2X_Scenario.00001: CWKTDB2XCase1.CWKTDB2X_CWKTSQL_01.00001: CWKTSQL assertion" name="00008: Check for WA_EMP_CITY"/>
    <testcase classname="CWKTDB2X_Unit_Tests.CWKTDB2X_Scenario.00001: CWKTDB2XCase1.CWKTDB2X_CWKTSQL_01.00001: CWKTSQL assertion" name="00009: Check for WA_EMP_STATE"/>
    <testcase classname="CWKTDB2X_Unit_Tests.CWKTDB2X_Scenario.00001: CWKTDB2XCase1.CWKTDB2X_CWKTSQL_01.00001: CWKTSQL assertion" name="00010: Check for WA_EMP_ZIP"/>
    <testcase classname="CWKTDB2X_Unit_Tests.CWKTDB2X_Scenario.00001: CWKTDB2XCase1.CWKTDB2X_CWKTSQL_01.00001: CWKTSQL assertion" name="00011: Check for WA_EMP_HOURS"/>
    <testcase classname="CWKTDB2X_Unit_Tests.CWKTDB2X_Scenario.00001: CWKTDB2XCase1.CWKTDB2X_CWKTSQL_01.00001: CWKTSQL assertion" name="00012: Check for WA_EMP_RATE"/>
    <testcase classname="CWKTDB2X_Unit_Tests.CWKTDB2X_Scenario.00001: CWKTDB2XCase1.CWKTDB2X_CWKTSQL_01.00001: CWKTSQL assertion" name="00013: Check for FILLER0"/>
    <testcase classname="CWKTDB2X_Unit_Tests.CWKTDB2X_Scenario.00001: CWKTDB2XCase1.CWKTDB2X_CWKTSQL_01.00001: CWKTSQL assertion" name="00014: Check for WA_SALES_SALARY"/>
    <testcase classname="CWKTDB2X_Unit_Tests.CWKTDB2X_Scenario.00001: CWKTDB2XCase1.CWKTDB2X_CWKTSQL_01.00001: CWKTSQL assertion" name="00015: Check for WA_SALES_AMOUNT"/>
    <testcase classname="CWKTDB2X_Unit_Tests.CWKTDB2X_Scenario.00001: CWKTDB2XCase1.CWKTDB2X_CWKTSQL_01.00001: CWKTSQL assertion" name="00016: Check for FILLER1"/>
    <testcase classname="CWKTDB2X_Unit_Tests.CWKTDB2X_Scenario.00001: CWKTDB2XCase1.CWKTDB2X_CWKTSQL_01.00001: CWKTSQL assertion" name="00017: Check for WA_MGMT_SALARY"/>
    <testcase classname="CWKTDB2X_Unit_Tests.CWKTDB2X_Scenario.00001: CWKTDB2XCase1.CWKTDB2X_CWKTSQL_01.00001: CWKTSQL assertion" name="00018: Check for FILLER2"/>
    <testcase classname="CWKTDB2X_Unit_Tests.CWKTDB2X_Scenario.00001: CWKTDB2XCase1.CWKTDB2X_CWKTSQL_01.00001: CWKTSQL assertion" name="00019: Check for WA_EMP_HIRE_YY"/>
    <testcase classname="CWKTDB2X_Unit_Tests.CWKTDB2X_Scenario.00001: CWKTDB2XCase1.CWKTDB2X_CWKTSQL_01.00001: CWKTSQL assertion" name="00020: Check for WA_EMP_HIRE_MM"/>
    <testcase classname="CWKTDB2X_Unit_Tests.CWKTDB2X_Scenario.00001: CWKTDB2XCase1.CWKTDB2X_CWKTSQL_01.00001: CWKTSQL assertion" name="00021: Check for WA_EMP_HIRE_DD"/>
    <testcase classname="CWKTDB2X_Unit_Tests.CWKTDB2X_Scenario.00001: CWKTDB2XCase1.CWKTDB2X_CWKTSQL_01.00001: CWKTSQL assertion" name="00022: Check for FILLER3"/>
    <testcase classname="CWKTDB2X_Unit_Tests.CWKTDB2X_Scenario.00001: CWKTDB2XCase1.CWKTDB2X_CWKTSQL_01.00001: CWKTSQL assertion" name="00023: Check for EMP_WAGES"/>
    <testcase classname="CWKTDB2X_Unit_Tests.CWKTDB2X_Scenario.00001: CWKTDB2XCase1.CWKTDB2X_CWKTSQL_01.00001: CWKTSQL assertion" name="00024: Check for CALC_COMMISSION"/>
    <testcase classname="CWKTDB2X_Unit_Tests.CWKTDB2X_Scenario.00001: CWKTDB2XCase1.CWKTDB2X_CWKTSQL_01.00001: CWKTSQL assertion" name="00025: Check for OT_AMOUNT"/>
    <testcase classname="CWKTDB2X_Unit_Tests.CWKTDB2X_Scenario.00001: CWKTDB2XCase1.CWKTDB2X_CWKTSQL_01.00001: CWKTSQL assertion" name="00026: Check for ERROR_LINE"/>
  </testsuite>
  <testsuite errors="0" failures="0" name="CWKTDB2X_Unit_Tests.CWKTDB2X_Scenario.00001: CWKTDB2XCase1.CWKTDB2X_CWKTSQL_01.00002: CWKTSQL assertion" tests="52">
    <testcase classname="CWKTDB2X_Unit_Tests.CWKTDB2X_Scenario.00001: CWKTDB2XCase1.CWKTDB2X_CWKTSQL_01.00002: CWKTSQL assertion" name="00001: Check for WS_SQL_FUNCTION"/>
    <testcase classname="CWKTDB2X_Unit_Tests.CWKTDB2X_Scenario.00001: CWKTDB2XCase1.CWKTDB2X_CWKTSQL_01.00002: CWKTSQL assertion" name="00002: Check for SQLCODE"/>
    <testcase classname="CWKTDB2X_Unit_Tests.CWKTDB2X_Scenario.00001: CWKTDB2XCase1.CWKTDB2X_CWKTSQL_01.00002: CWKTSQL assertion" name="00003: Check for WA_EMP_NUM"/>
    <testcase classname="CWKTDB2X_Unit_Tests.CWKTDB2X_Scenario.00001: CWKTDB2XCase1.CWKTDB2X_CWKTSQL_01.00002: CWKTSQL assertion" name="00004: Check for WA_EMP_TYPE"/>
    <testcase classname="CWKTDB2X_Unit_Tests.CWKTDB2X_Scenario.00001: CWKTDB2XCase1.CWKTDB2X_CWKTSQL_01.00002: CWKTSQL assertion" name="00005: Check for WA_EMP_REGION"/>
    <testcase classname="CWKTDB2X_Unit_Tests.CWKTDB2X_Scenario.00001: CWKTDB2XCase1.CWKTDB2X_CWKTSQL_01.00002: CWKTSQL assertion" name="00006: Check for WA_EMP_NAME"/>
    <testcase classname="CWKTDB2X_Unit_Tests.CWKTDB2X_Scenario.00001: CWKTDB2XCase1.CWKTDB2X_CWKTSQL_01.00002: CWKTSQL assertion" name="00007: Check for WA_EMP_STREET"/>
    <testcase classname="CWKTDB2X_Unit_Tests.CWKTDB2X_Scenario.00001: CWKTDB2XCase1.CWKTDB2X_CWKTSQL_01.00002: CWKTSQL assertion" name="00008: Check for WA_EMP_CITY"/>
    <testcase classname="CWKTDB2X_Unit_Tests.CWKTDB2X_Scenario.00001: CWKTDB2XCase1.CWKTDB2X_CWKTSQL_01.00002: CWKTSQL assertion" name="00009: Check for WA_EMP_STATE"/>
    <testcase classname="CWKTDB2X_Unit_Tests.CWKTDB2X_Scenario.00001: CWKTDB2XCase1.CWKTDB2X_CWKTSQL_01.00002: CWKTSQL assertion" name="00010: Check for WA_EMP_ZIP"/>
    <testcase classname="CWKTDB2X_Unit_Tests.CWKTDB2X_Scenario.00001: CWKTDB2XCase1.CWKTDB2X_CWKTSQL_01.00002: CWKTSQL assertion" name="00011: Check for WA_EMP_HOURS"/>
    <testcase classname="CWKTDB2X_Unit_Tests.CWKTDB2X_Scenario.00001: CWKTDB2XCase1.CWKTDB2X_CWKTSQL_01.00002: CWKTSQL assertion" name="00012: Check for WA_EMP_RATE"/>
    <testcase classname="CWKTDB2X_Unit_Tests.CWKTDB2X_Scenario.00001: CWKTDB2XCase1.CWKTDB2X_CWKTSQL_01.00002: CWKTSQL assertion" name="00013: Check for FILLER0"/>
    <testcase classname="CWKTDB2X_Unit_Tests.CWKTDB2X_Scenario.00001: CWKTDB2XCase1.CWKTDB2X_CWKTSQL_01.00002: CWKTSQL assertion" name="00014: Check for WA_SALES_SALARY"/>
    <testcase classname="CWKTDB2X_Unit_Tests.CWKTDB2X_Scenario.00001: CWKTDB2XCase1.CWKTDB2X_CWKTSQL_01.00002: CWKTSQL assertion" name="00015: Check for WA_SALES_AMOUNT"/>
    <testcase classname="CWKTDB2X_Unit_Tests.CWKTDB2X_Scenario.00001: CWKTDB2XCase1.CWKTDB2X_CWKTSQL_01.00002: CWKTSQL assertion" name="00016: Check for FILLER1"/>
    <testcase classname="CWKTDB2X_Unit_Tests.CWKTDB2X_Scenario.00001: CWKTDB2XCase1.CWKTDB2X_CWKTSQL_01.00002: CWKTSQL assertion" name="00017: Check for WA_MGMT_SALARY"/>
    <testcase classname="CWKTDB2X_Unit_Tests.CWKTDB2X_Scenario.00001: CWKTDB2XCase1.CWKTDB2X_CWKTSQL_01.00002: CWKTSQL assertion" name="00018: Check for FILLER2"/>
    <testcase classname="CWKTDB2X_Unit_Tests.CWKTDB2X_Scenario.00001: CWKTDB2XCase1.CWKTDB2X_CWKTSQL_01.00002: CWKTSQL assertion" name="00019: Check for WA_EMP_HIRE_YY"/>
    <testcase classname="CWKTDB2X_Unit_Tests.CWKTDB2X_Scenario.00001: CWKTDB2XCase1.CWKTDB2X_CWKTSQL_01.00002: CWKTSQL assertion" name="00020: Check for WA_EMP_HIRE_MM"/>
    <testcase classname="CWKTDB2X_Unit_Tests.CWKTDB2X_Scenario.00001: CWKTDB2XCase1.CWKTDB2X_CWKTSQL_01.00002: CWKTSQL assertion" name="00021: Check for WA_EMP_HIRE_DD"/>
    <testcase classname="CWKTDB2X_Unit_Tests.CWKTDB2X_Scenario.00001: CWKTDB2XCase1.CWKTDB2X_CWKTSQL_01.00002: CWKTSQL assertion" name="00022: Check for FILLER3"/>
    <testcase classname="CWKTDB2X_Unit_Tests.CWKTDB2X_Scenario.00001: CWKTDB2XCase1.CWKTDB2X_CWKTSQL_01.00002: CWKTSQL assertion" name="00023: Check for EMP_WAGES"/>
    <testcase classname="CWKTDB2X_Unit_Tests.CWKTDB2X_Scenario.00001: CWKTDB2XCase1.CWKTDB2X_CWKTSQL_01.00002: CWKTSQL assertion" name="00024: Check for CALC_COMMISSION"/>
    <testcase classname="CWKTDB2X_Unit_Tests.CWKTDB2X_Scenario.00001: CWKTDB2XCase1.CWKTDB2X_CWKTSQL_01.00002: CWKTSQL assertion" name="00025: Check for OT_AMOUNT"/>
    <testcase classname="CWKTDB2X_Unit_Tests.CWKTDB2X_Scenario.00001: CWKTDB2XCase1.CWKTDB2X_CWKTSQL_01.00002: CWKTSQL assertion" name="00026: Check for ERROR_LINE"/>
  </testsuite>
  <testsuite errors="0" failures="0" name="CWKTDB2X_Unit_Tests.CWKTDB2X_Scenario.00001: CWKTDB2XCase1.CWKTDB2X_CWKTSQL_01.00003: CWKTSQL assertion" tests="78">
    <testcase classname="CWKTDB2X_Unit_Tests.CWKTDB2X_Scenario.00001: CWKTDB2XCase1.CWKTDB2X_CWKTSQL_01.00003: CWKTSQL assertion" name="00001: Check for WS_SQL_FUNCTION"/>
    <testcase classname="CWKTDB2X_Unit_Tests.CWKTDB2X_Scenario.00001: CWKTDB2XCase1.CWKTDB2X_CWKTSQL_01.00003: CWKTSQL assertion" name="00002: Check for SQLCODE"/>
    <testcase classname="CWKTDB2X_Unit_Tests.CWKTDB2X_Scenario.00001: CWKTDB2XCase1.CWKTDB2X_CWKTSQL_01.00003: CWKTSQL assertion" name="00003: Check for WA_EMP_NUM"/>
    <testcase classname="CWKTDB2X_Unit_Tests.CWKTDB2X_Scenario.00001: CWKTDB2XCase1.CWKTDB2X_CWKTSQL_01.00003: CWKTSQL assertion" name="00004: Check for WA_EMP_TYPE"/>
    <testcase classname="CWKTDB2X_Unit_Tests.CWKTDB2X_Scenario.00001: CWKTDB2XCase1.CWKTDB2X_CWKTSQL_01.00003: CWKTSQL assertion" name="00005: Check for WA_EMP_REGION"/>
    <testcase classname="CWKTDB2X_Unit_Tests.CWKTDB2X_Scenario.00001: CWKTDB2XCase1.CWKTDB2X_CWKTSQL_01.00003: CWKTSQL assertion" name="00006: Check for WA_EMP_NAME"/>
    <testcase classname="CWKTDB2X_Unit_Tests.CWKTDB2X_Scenario.00001: CWKTDB2XCase1.CWKTDB2X_CWKTSQL_01.00003: CWKTSQL assertion" name="00007: Check for WA_EMP_STREET"/>
    <testcase classname="CWKTDB2X_Unit_Tests.CWKTDB2X_Scenario.00001: CWKTDB2XCase1.CWKTDB2X_CWKTSQL_01.00003: CWKTSQL assertion" name="00008: Check for WA_EMP_CITY"/>
    <testcase classname="CWKTDB2X_Unit_Tests.CWKTDB2X_Scenario.00001: CWKTDB2XCase1.CWKTDB2X_CWKTSQL_01.00003: CWKTSQL assertion" name="00009: Check for WA_EMP_STATE"/>
    <testcase classname="CWKTDB2X_Unit_Tests.CWKTDB2X_Scenario.00001: CWKTDB2XCase1.CWKTDB2X_CWKTSQL_01.00003: CWKTSQL assertion" name="00010: Check for WA_EMP_ZIP"/>
    <testcase classname="CWKTDB2X_Unit_Tests.CWKTDB2X_Scenario.00001: CWKTDB2XCase1.CWKTDB2X_CWKTSQL_01.00003: CWKTSQL assertion" name="00011: Check for WA_EMP_HOURS"/>
    <testcase classname="CWKTDB2X_Unit_Tests.CWKTDB2X_Scenario.00001: CWKTDB2XCase1.CWKTDB2X_CWKTSQL_01.00003: CWKTSQL assertion" name="00012: Check for WA_EMP_RATE"/>
    <testcase classname="CWKTDB2X_Unit_Tests.CWKTDB2X_Scenario.00001: CWKTDB2XCase1.CWKTDB2X_CWKTSQL_01.00003: CWKTSQL assertion" name="00013: Check for FILLER0"/>
    <testcase classname="CWKTDB2X_Unit_Tests.CWKTDB2X_Scenario.00001: CWKTDB2XCase1.CWKTDB2X_CWKTSQL_01.00003: CWKTSQL assertion" name="00014: Check for WA_SALES_SALARY"/>
    <testcase classname="CWKTDB2X_Unit_Tests.CWKTDB2X_Scenario.00001: CWKTDB2XCase1.CWKTDB2X_CWKTSQL_01.00003: CWKTSQL assertion" name="00015: Check for WA_SALES_AMOUNT"/>
    <testcase classname="CWKTDB2X_Unit_Tests.CWKTDB2X_Scenario.00001: CWKTDB2XCase1.CWKTDB2X_CWKTSQL_01.00003: CWKTSQL assertion" name="00016: Check for FILLER1"/>
    <testcase classname="CWKTDB2X_Unit_Tests.CWKTDB2X_Scenario.00001: CWKTDB2XCase1.CWKTDB2X_CWKTSQL_01.00003: CWKTSQL assertion" name="00017: Check for WA_MGMT_SALARY"/>
    <testcase classname="CWKTDB2X_Unit_Tests.CWKTDB2X_Scenario.00001: CWKTDB2XCase1.CWKTDB2X_CWKTSQL_01.00003: CWKTSQL assertion" name="00018: Check for FILLER2"/>
    <testcase classname="CWKTDB2X_Unit_Tests.CWKTDB2X_Scenario.00001: CWKTDB2XCase1.CWKTDB2X_CWKTSQL_01.00003: CWKTSQL assertion" name="00019: Check for WA_EMP_HIRE_YY"/>
    <testcase classname="CWKTDB2X_Unit_Tests.CWKTDB2X_Scenario.00001: CWKTDB2XCase1.CWKTDB2X_CWKTSQL_01.00003: CWKTSQL assertion" name="00020: Check for WA_EMP_HIRE_MM"/>
    <testcase classname="CWKTDB2X_Unit_Tests.CWKTDB2X_Scenario.00001: CWKTDB2XCase1.CWKTDB2X_CWKTSQL_01.00003: CWKTSQL assertion" name="00021: Check for WA_EMP_HIRE_DD"/>
    <testcase classname="CWKTDB2X_Unit_Tests.CWKTDB2X_Scenario.00001: CWKTDB2XCase1.CWKTDB2X_CWKTSQL_01.00003: CWKTSQL assertion" name="00022: Check for FILLER3"/>
    <testcase classname="CWKTDB2X_Unit_Tests.CWKTDB2X_Scenario.00001: CWKTDB2XCase1.CWKTDB2X_CWKTSQL_01.00003: CWKTSQL assertion" name="00023: Check for EMP_WAGES"/>
    <testcase classname="CWKTDB2X_Unit_Tests.CWKTDB2X_Scenario.00001: CWKTDB2XCase1.CWKTDB2X_CWKTSQL_01.00003: CWKTSQL assertion" name="00024: Check for CALC_COMMISSION"/>
    <testcase classname="CWKTDB2X_Unit_Tests.CWKTDB2X_Scenario.00001: CWKTDB2XCase1.CWKTDB2X_CWKTSQL_01.00003: CWKTSQL assertion" name="00025: Check for OT_AMOUNT"/>
    <testcase classname="CWKTDB2X_Unit_Tests.CWKTDB2X_Scenario.00001: CWKTDB2XCase1.CWKTDB2X_CWKTSQL_01.00003: CWKTSQL assertion" name="00026: Check for ERROR_LINE"/>
  </testsuite>
  <testsuite errors="0" failures="0" name="CWKTDB2X_Unit_Tests.CWKTDB2X_Scenario.00001: CWKTDB2XCase1.CWKTDB2X_CWKTSQL_01.00004: CWKTSQL assertion" tests="104">
    <testcase classname="CWKTDB2X_Unit_Tests.CWKTDB2X_Scenario.00001: CWKTDB2XCase1.CWKTDB2X_CWKTSQL_01.00004: CWKTSQL assertion" name="00001: Check for WS_SQL_FUNCTION"/>
    <testcase classname="CWKTDB2X_Unit_Tests.CWKTDB2X_Scenario.00001: CWKTDB2XCase1.CWKTDB2X_CWKTSQL_01.00004: CWKTSQL assertion" name="00002: Check for SQLCODE"/>
    <testcase classname="CWKTDB2X_Unit_Tests.CWKTDB2X_Scenario.00001: CWKTDB2XCase1.CWKTDB2X_CWKTSQL_01.00004: CWKTSQL assertion" name="00003: Check for WA_EMP_NUM"/>
    <testcase classname="CWKTDB2X_Unit_Tests.CWKTDB2X_Scenario.00001: CWKTDB2XCase1.CWKTDB2X_CWKTSQL_01.00004: CWKTSQL assertion" name="00004: Check for WA_EMP_TYPE"/>
    <testcase classname="CWKTDB2X_Unit_Tests.CWKTDB2X_Scenario.00001: CWKTDB2XCase1.CWKTDB2X_CWKTSQL_01.00004: CWKTSQL assertion" name="00005: Check for WA_EMP_REGION"/>
    <testcase classname="CWKTDB2X_Unit_Tests.CWKTDB2X_Scenario.00001: CWKTDB2XCase1.CWKTDB2X_CWKTSQL_01.00004: CWKTSQL assertion" name="00006: Check for WA_EMP_NAME"/>
    <testcase classname="CWKTDB2X_Unit_Tests.CWKTDB2X_Scenario.00001: CWKTDB2XCase1.CWKTDB2X_CWKTSQL_01.00004: CWKTSQL assertion" name="00007: Check for WA_EMP_STREET"/>
    <testcase classname="CWKTDB2X_Unit_Tests.CWKTDB2X_Scenario.00001: CWKTDB2XCase1.CWKTDB2X_CWKTSQL_01.00004: CWKTSQL assertion" name="00008: Check for WA_EMP_CITY"/>
    <testcase classname="CWKTDB2X_Unit_Tests.CWKTDB2X_Scenario.00001: CWKTDB2XCase1.CWKTDB2X_CWKTSQL_01.00004: CWKTSQL assertion" name="00009: Check for WA_EMP_STATE"/>
    <testcase classname="CWKTDB2X_Unit_Tests.CWKTDB2X_Scenario.00001: CWKTDB2XCase1.CWKTDB2X_CWKTSQL_01.00004: CWKTSQL assertion" name="00010: Check for WA_EMP_ZIP"/>
    <testcase classname="CWKTDB2X_Unit_Tests.CWKTDB2X_Scenario.00001: CWKTDB2XCase1.CWKTDB2X_CWKTSQL_01.00004: CWKTSQL assertion" name="00011: Check for WA_EMP_HOURS"/>
    <testcase classname="CWKTDB2X_Unit_Tests.CWKTDB2X_Scenario.00001: CWKTDB2XCase1.CWKTDB2X_CWKTSQL_01.00004: CWKTSQL assertion" name="00012: Check for WA_EMP_RATE"/>
    <testcase classname="CWKTDB2X_Unit_Tests.CWKTDB2X_Scenario.00001: CWKTDB2XCase1.CWKTDB2X_CWKTSQL_01.00004: CWKTSQL assertion" name="00013: Check for FILLER0"/>
    <testcase classname="CWKTDB2X_Unit_Tests.CWKTDB2X_Scenario.00001: CWKTDB2XCase1.CWKTDB2X_CWKTSQL_01.00004: CWKTSQL assertion" name="00014: Check for WA_SALES_SALARY"/>
    <testcase classname="CWKTDB2X_Unit_Tests.CWKTDB2X_Scenario.00001: CWKTDB2XCase1.CWKTDB2X_CWKTSQL_01.00004: CWKTSQL assertion" name="00015: Check for WA_SALES_AMOUNT"/>
    <testcase classname="CWKTDB2X_Unit_Tests.CWKTDB2X_Scenario.00001: CWKTDB2XCase1.CWKTDB2X_CWKTSQL_01.00004: CWKTSQL assertion" name="00016: Check for FILLER1"/>
    <testcase classname="CWKTDB2X_Unit_Tests.CWKTDB2X_Scenario.00001: CWKTDB2XCase1.CWKTDB2X_CWKTSQL_01.00004: CWKTSQL assertion" name="00017: Check for WA_MGMT_SALARY"/>
    <testcase classname="CWKTDB2X_Unit_Tests.CWKTDB2X_Scenario.00001: CWKTDB2XCase1.CWKTDB2X_CWKTSQL_01.00004: CWKTSQL assertion" name="00018: Check for FILLER2"/>
    <testcase classname="CWKTDB2X_Unit_Tests.CWKTDB2X_Scenario.00001: CWKTDB2XCase1.CWKTDB2X_CWKTSQL_01.00004: CWKTSQL assertion" name="00019: Check for WA_EMP_HIRE_YY"/>
    <testcase classname="CWKTDB2X_Unit_Tests.CWKTDB2X_Scenario.00001: CWKTDB2XCase1.CWKTDB2X_CWKTSQL_01.00004: CWKTSQL assertion" name="00020: Check for WA_EMP_HIRE_MM"/>
    <testcase classname="CWKTDB2X_Unit_Tests.CWKTDB2X_Scenario.00001: CWKTDB2XCase1.CWKTDB2X_CWKTSQL_01.00004: CWKTSQL assertion" name="00021: Check for WA_EMP_HIRE_DD"/>
    <testcase classname="CWKTDB2X_Unit_Tests.CWKTDB2X_Scenario.00001: CWKTDB2XCase1.CWKTDB2X_CWKTSQL_01.00004: CWKTSQL assertion" name="00022: Check for FILLER3"/>
    <testcase classname="CWKTDB2X_Unit_Tests.CWKTDB2X_Scenario.00001: CWKTDB2XCase1.CWKTDB2X_CWKTSQL_01.00004: CWKTSQL assertion" name="00023: Check for EMP_WAGES"/>
    <testcase classname="CWKTDB2X_Unit_Tests.CWKTDB2X_Scenario.00001: CWKTDB2XCase1.CWKTDB2X_CWKTSQL_01.00004: CWKTSQL assertion" name="00024: Check for CALC_COMMISSION"/>
    <testcase classname="CWKTDB2X_Unit_Tests.CWKTDB2X_Scenario.00001: CWKTDB2XCase1.CWKTDB2X_CWKTSQL_01.00004: CWKTSQL assertion" name="00025: Check for OT_AMOUNT"/>
    <testcase classname="CWKTDB2X_Unit_Tests.CWKTDB2X_Scenario.00001: CWKTDB2XCase1.CWKTDB2X_CWKTSQL_01.00004: CWKTSQL assertion" name="00026: Check for ERROR_LINE"/>
  </testsuite>
  <testsuite errors="0" failures="0" name="CWKTDB2X_Unit_Tests.CWKTDB2X_Scenario.00001: CWKTDB2XCase1.CWKTDB2X_CWKTSQL_01.00005: CWKTSQL assertion" tests="130">
    <testcase classname="CWKTDB2X_Unit_Tests.CWKTDB2X_Scenario.00001: CWKTDB2XCase1.CWKTDB2X_CWKTSQL_01.00005: CWKTSQL assertion" name="00001: Check for WS_SQL_FUNCTION"/>
    <testcase classname="CWKTDB2X_Unit_Tests.CWKTDB2X_Scenario.00001: CWKTDB2XCase1.CWKTDB2X_CWKTSQL_01.00005: CWKTSQL assertion" name="00002: Check for SQLCODE"/>
    <testcase classname="CWKTDB2X_Unit_Tests.CWKTDB2X_Scenario.00001: CWKTDB2XCase1.CWKTDB2X_CWKTSQL_01.00005: CWKTSQL assertion" name="00003: Check for WA_EMP_NUM"/>
    <testcase classname="CWKTDB2X_Unit_Tests.CWKTDB2X_Scenario.00001: CWKTDB2XCase1.CWKTDB2X_CWKTSQL_01.00005: CWKTSQL assertion" name="00004: Check for WA_EMP_TYPE"/>
    <testcase classname="CWKTDB2X_Unit_Tests.CWKTDB2X_Scenario.00001: CWKTDB2XCase1.CWKTDB2X_CWKTSQL_01.00005: CWKTSQL assertion" name="00005: Check for WA_EMP_REGION"/>
    <testcase classname="CWKTDB2X_Unit_Tests.CWKTDB2X_Scenario.00001: CWKTDB2XCase1.CWKTDB2X_CWKTSQL_01.00005: CWKTSQL assertion" name="00006: Check for WA_EMP_NAME"/>
    <testcase classname="CWKTDB2X_Unit_Tests.CWKTDB2X_Scenario.00001: CWKTDB2XCase1.CWKTDB2X_CWKTSQL_01.00005: CWKTSQL assertion" name="00007: Check for WA_EMP_STREET"/>
    <testcase classname="CWKTDB2X_Unit_Tests.CWKTDB2X_Scenario.00001: CWKTDB2XCase1.CWKTDB2X_CWKTSQL_01.00005: CWKTSQL assertion" name="00008: Check for WA_EMP_CITY"/>
    <testcase classname="CWKTDB2X_Unit_Tests.CWKTDB2X_Scenario.00001: CWKTDB2XCase1.CWKTDB2X_CWKTSQL_01.00005: CWKTSQL assertion" name="00009: Check for WA_EMP_STATE"/>
    <testcase classname="CWKTDB2X_Unit_Tests.CWKTDB2X_Scenario.00001: CWKTDB2XCase1.CWKTDB2X_CWKTSQL_01.00005: CWKTSQL assertion" name="00010: Check for WA_EMP_ZIP"/>
    <testcase classname="CWKTDB2X_Unit_Tests.CWKTDB2X_Scenario.00001: CWKTDB2XCase1.CWKTDB2X_CWKTSQL_01.00005: CWKTSQL assertion" name="00011: Check for WA_EMP_HOURS"/>
    <testcase classname="CWKTDB2X_Unit_Tests.CWKTDB2X_Scenario.00001: CWKTDB2XCase1.CWKTDB2X_CWKTSQL_01.00005: CWKTSQL assertion" name="00012: Check for WA_EMP_RATE"/>
    <testcase classname="CWKTDB2X_Unit_Tests.CWKTDB2X_Scenario.00001: CWKTDB2XCase1.CWKTDB2X_CWKTSQL_01.00005: CWKTSQL assertion" name="00013: Check for FILLER0"/>
    <testcase classname="CWKTDB2X_Unit_Tests.CWKTDB2X_Scenario.00001: CWKTDB2XCase1.CWKTDB2X_CWKTSQL_01.00005: CWKTSQL assertion" name="00014: Check for WA_SALES_SALARY"/>
    <testcase classname="CWKTDB2X_Unit_Tests.CWKTDB2X_Scenario.00001: CWKTDB2XCase1.CWKTDB2X_CWKTSQL_01.00005: CWKTSQL assertion" name="00015: Check for WA_SALES_AMOUNT"/>
    <testcase classname="CWKTDB2X_Unit_Tests.CWKTDB2X_Scenario.00001: CWKTDB2XCase1.CWKTDB2X_CWKTSQL_01.00005: CWKTSQL assertion" name="00016: Check for FILLER1"/>
    <testcase classname="CWKTDB2X_Unit_Tests.CWKTDB2X_Scenario.00001: CWKTDB2XCase1.CWKTDB2X_CWKTSQL_01.00005: CWKTSQL assertion" name="00017: Check for WA_MGMT_SALARY"/>
    <testcase classname="CWKTDB2X_Unit_Tests.CWKTDB2X_Scenario.00001: CWKTDB2XCase1.CWKTDB2X_CWKTSQL_01.00005: CWKTSQL assertion" name="00018: Check for FILLER2"/>
    <testcase classname="CWKTDB2X_Unit_Tests.CWKTDB2X_Scenario.00001: CWKTDB2XCase1.CWKTDB2X_CWKTSQL_01.00005: CWKTSQL assertion" name="00019: Check for WA_EMP_HIRE_YY"/>
    <testcase classname="CWKTDB2X_Unit_Tests.CWKTDB2X_Scenario.00001: CWKTDB2XCase1.CWKTDB2X_CWKTSQL_01.00005: CWKTSQL assertion" name="00020: Check for WA_EMP_HIRE_MM"/>
    <testcase classname="CWKTDB2X_Unit_Tests.CWKTDB2X_Scenario.00001: CWKTDB2XCase1.CWKTDB2X_CWKTSQL_01.00005: CWKTSQL assertion" name="00021: Check for WA_EMP_HIRE_DD"/>
    <testcase classname="CWKTDB2X_Unit_Tests.CWKTDB2X_Scenario.00001: CWKTDB2XCase1.CWKTDB2X_CWKTSQL_01.00005: CWKTSQL assertion" name="00022: Check for FILLER3"/>
    <testcase classname="CWKTDB2X_Unit_Tests.CWKTDB2X_Scenario.00001: CWKTDB2XCase1.CWKTDB2X_CWKTSQL_01.00005: CWKTSQL assertion" name="00023: Check for EMP_WAGES"/>
    <testcase classname="CWKTDB2X_Unit_Tests.CWKTDB2X_Scenario.00001: CWKTDB2XCase1.CWKTDB2X_CWKTSQL_01.00005: CWKTSQL assertion" name="00024: Check for CALC_COMMISSION"/>
    <testcase classname="CWKTDB2X_Unit_Tests.CWKTDB2X_Scenario.00001: CWKTDB2XCase1.CWKTDB2X_CWKTSQL_01.00005: CWKTSQL assertion" name="00025: Check for OT_AMOUNT"/>
    <testcase classname="CWKTDB2X_Unit_Tests.CWKTDB2X_Scenario.00001: CWKTDB2XCase1.CWKTDB2X_CWKTSQL_01.00005: CWKTSQL assertion" name="00026: Check for ERROR_LINE"/>
  </testsuite>
  <testsuite errors="0" failures="0" name="CWKTDB2X_Unit_Tests.CWKTDB2X_Scenario.00001: CWKTDB2XCase1.CWKTDB2X_CWKTSQL_01.00006: CWKTSQL assertion" tests="156">
    <testcase classname="CWKTDB2X_Unit_Tests.CWKTDB2X_Scenario.00001: CWKTDB2XCase1.CWKTDB2X_CWKTSQL_01.00006: CWKTSQL assertion" name="00001: Check for WS_SQL_FUNCTION"/>
    <testcase classname="CWKTDB2X_Unit_Tests.CWKTDB2X_Scenario.00001: CWKTDB2XCase1.CWKTDB2X_CWKTSQL_01.00006: CWKTSQL assertion" name="00002: Check for SQLCODE"/>
    <testcase classname="CWKTDB2X_Unit_Tests.CWKTDB2X_Scenario.00001: CWKTDB2XCase1.CWKTDB2X_CWKTSQL_01.00006: CWKTSQL assertion" name="00003: Check for WA_EMP_NUM"/>
    <testcase classname="CWKTDB2X_Unit_Tests.CWKTDB2X_Scenario.00001: CWKTDB2XCase1.CWKTDB2X_CWKTSQL_01.00006: CWKTSQL assertion" name="00004: Check for WA_EMP_TYPE"/>
    <testcase classname="CWKTDB2X_Unit_Tests.CWKTDB2X_Scenario.00001: CWKTDB2XCase1.CWKTDB2X_CWKTSQL_01.00006: CWKTSQL assertion" name="00005: Check for WA_EMP_REGION"/>
    <testcase classname="CWKTDB2X_Unit_Tests.CWKTDB2X_Scenario.00001: CWKTDB2XCase1.CWKTDB2X_CWKTSQL_01.00006: CWKTSQL assertion" name="00006: Check for WA_EMP_NAME"/>
    <testcase classname="CWKTDB2X_Unit_Tests.CWKTDB2X_Scenario.00001: CWKTDB2XCase1.CWKTDB2X_CWKTSQL_01.00006: CWKTSQL assertion" name="00007: Check for WA_EMP_STREET"/>
    <testcase classname="CWKTDB2X_Unit_Tests.CWKTDB2X_Scenario.00001: CWKTDB2XCase1.CWKTDB2X_CWKTSQL_01.00006: CWKTSQL assertion" name="00008: Check for WA_EMP_CITY"/>
    <testcase classname="CWKTDB2X_Unit_Tests.CWKTDB2X_Scenario.00001: CWKTDB2XCase1.CWKTDB2X_CWKTSQL_01.00006: CWKTSQL assertion" name="00009: Check for WA_EMP_STATE"/>
    <testcase classname="CWKTDB2X_Unit_Tests.CWKTDB2X_Scenario.00001: CWKTDB2XCase1.CWKTDB2X_CWKTSQL_01.00006: CWKTSQL assertion" name="00010: Check for WA_EMP_ZIP"/>
    <testcase classname="CWKTDB2X_Unit_Tests.CWKTDB2X_Scenario.00001: CWKTDB2XCase1.CWKTDB2X_CWKTSQL_01.00006: CWKTSQL assertion" name="00011: Check for WA_EMP_HOURS"/>
    <testcase classname="CWKTDB2X_Unit_Tests.CWKTDB2X_Scenario.00001: CWKTDB2XCase1.CWKTDB2X_CWKTSQL_01.00006: CWKTSQL assertion" name="00012: Check for WA_EMP_RATE"/>
    <testcase classname="CWKTDB2X_Unit_Tests.CWKTDB2X_Scenario.00001: CWKTDB2XCase1.CWKTDB2X_CWKTSQL_01.00006: CWKTSQL assertion" name="00013: Check for FILLER0"/>
    <testcase classname="CWKTDB2X_Unit_Tests.CWKTDB2X_Scenario.00001: CWKTDB2XCase1.CWKTDB2X_CWKTSQL_01.00006: CWKTSQL assertion" name="00014: Check for WA_SALES_SALARY"/>
    <testcase classname="CWKTDB2X_Unit_Tests.CWKTDB2X_Scenario.00001: CWKTDB2XCase1.CWKTDB2X_CWKTSQL_01.00006: CWKTSQL assertion" name="00015: Check for WA_SALES_AMOUNT"/>
    <testcase classname="CWKTDB2X_Unit_Tests.CWKTDB2X_Scenario.00001: CWKTDB2XCase1.CWKTDB2X_CWKTSQL_01.00006: CWKTSQL assertion" name="00016: Check for FILLER1"/>
    <testcase classname="CWKTDB2X_Unit_Tests.CWKTDB2X_Scenario.00001: CWKTDB2XCase1.CWKTDB2X_CWKTSQL_01.00006: CWKTSQL assertion" name="00017: Check for WA_MGMT_SALARY"/>
    <testcase classname="CWKTDB2X_Unit_Tests.CWKTDB2X_Scenario.00001: CWKTDB2XCase1.CWKTDB2X_CWKTSQL_01.00006: CWKTSQL assertion" name="00018: Check for FILLER2"/>
    <testcase classname="CWKTDB2X_Unit_Tests.CWKTDB2X_Scenario.00001: CWKTDB2XCase1.CWKTDB2X_CWKTSQL_01.00006: CWKTSQL assertion" name="00019: Check for WA_EMP_HIRE_YY"/>
    <testcase classname="CWKTDB2X_Unit_Tests.CWKTDB2X_Scenario.00001: CWKTDB2XCase1.CWKTDB2X_CWKTSQL_01.00006: CWKTSQL assertion" name="00020: Check for WA_EMP_HIRE_MM"/>
    <testcase classname="CWKTDB2X_Unit_Tests.CWKTDB2X_Scenario.00001: CWKTDB2XCase1.CWKTDB2X_CWKTSQL_01.00006: CWKTSQL assertion" name="00021: Check for WA_EMP_HIRE_DD"/>
    <testcase classname="CWKTDB2X_Unit_Tests.CWKTDB2X_Scenario.00001: CWKTDB2XCase1.CWKTDB2X_CWKTSQL_01.00006: CWKTSQL assertion" name="00022: Check for FILLER3"/>
    <testcase classname="CWKTDB2X_Unit_Tests.CWKTDB2X_Scenario.00001: CWKTDB2XCase1.CWKTDB2X_CWKTSQL_01.00006: CWKTSQL assertion" name="00023: Check for EMP_WAGES"/>
    <testcase classname="CWKTDB2X_Unit_Tests.CWKTDB2X_Scenario.00001: CWKTDB2XCase1.CWKTDB2X_CWKTSQL_01.00006: CWKTSQL assertion" name="00024: Check for CALC_COMMISSION"/>
    <testcase classname="CWKTDB2X_Unit_Tests.CWKTDB2X_Scenario.00001: CWKTDB2XCase1.CWKTDB2X_CWKTSQL_01.00006: CWKTSQL assertion" name="00025: Check for OT_AMOUNT"/>
    <testcase classname="CWKTDB2X_Unit_Tests.CWKTDB2X_Scenario.00001: CWKTDB2XCase1.CWKTDB2X_CWKTSQL_01.00006: CWKTSQL assertion" name="00026: Check for ERROR_LINE"/>
  </testsuite>
  <testsuite errors="0" failures="0" name="CWKTDB2X_Unit_Tests.CWKTDB2X_Scenario.00001: CWKTDB2XCase1.CWKTDB2X_CWKTSQL_01.00007: CWKTSQL assertion" tests="182">
    <testcase classname="CWKTDB2X_Unit_Tests.CWKTDB2X_Scenario.00001: CWKTDB2XCase1.CWKTDB2X_CWKTSQL_01.00007: CWKTSQL assertion" name="00001: Check for WS_SQL_FUNCTION"/>
    <testcase classname="CWKTDB2X_Unit_Tests.CWKTDB2X_Scenario.00001: CWKTDB2XCase1.CWKTDB2X_CWKTSQL_01.00007: CWKTSQL assertion" name="00002: Check for SQLCODE"/>
    <testcase classname="CWKTDB2X_Unit_Tests.CWKTDB2X_Scenario.00001: CWKTDB2XCase1.CWKTDB2X_CWKTSQL_01.00007: CWKTSQL assertion" name="00003: Check for WA_EMP_NUM"/>
    <testcase classname="CWKTDB2X_Unit_Tests.CWKTDB2X_Scenario.00001: CWKTDB2XCase1.CWKTDB2X_CWKTSQL_01.00007: CWKTSQL assertion" name="00004: Check for WA_EMP_TYPE"/>
    <testcase classname="CWKTDB2X_Unit_Tests.CWKTDB2X_Scenario.00001: CWKTDB2XCase1.CWKTDB2X_CWKTSQL_01.00007: CWKTSQL assertion" name="00005: Check for WA_EMP_REGION"/>
    <testcase classname="CWKTDB2X_Unit_Tests.CWKTDB2X_Scenario.00001: CWKTDB2XCase1.CWKTDB2X_CWKTSQL_01.00007: CWKTSQL assertion" name="00006: Check for WA_EMP_NAME"/>
    <testcase classname="CWKTDB2X_Unit_Tests.CWKTDB2X_Scenario.00001: CWKTDB2XCase1.CWKTDB2X_CWKTSQL_01.00007: CWKTSQL assertion" name="00007: Check for WA_EMP_STREET"/>
    <testcase classname="CWKTDB2X_Unit_Tests.CWKTDB2X_Scenario.00001: CWKTDB2XCase1.CWKTDB2X_CWKTSQL_01.00007: CWKTSQL assertion" name="00008: Check for WA_EMP_CITY"/>
    <testcase classname="CWKTDB2X_Unit_Tests.CWKTDB2X_Scenario.00001: CWKTDB2XCase1.CWKTDB2X_CWKTSQL_01.00007: CWKTSQL assertion" name="00009: Check for WA_EMP_STATE"/>
    <testcase classname="CWKTDB2X_Unit_Tests.CWKTDB2X_Scenario.00001: CWKTDB2XCase1.CWKTDB2X_CWKTSQL_01.00007: CWKTSQL assertion" name="00010: Check for WA_EMP_ZIP"/>
    <testcase classname="CWKTDB2X_Unit_Tests.CWKTDB2X_Scenario.00001: CWKTDB2XCase1.CWKTDB2X_CWKTSQL_01.00007: CWKTSQL assertion" name="00011: Check for WA_EMP_HOURS"/>
    <testcase classname="CWKTDB2X_Unit_Tests.CWKTDB2X_Scenario.00001: CWKTDB2XCase1.CWKTDB2X_CWKTSQL_01.00007: CWKTSQL assertion" name="00012: Check for WA_EMP_RATE"/>
    <testcase classname="CWKTDB2X_Unit_Tests.CWKTDB2X_Scenario.00001: CWKTDB2XCase1.CWKTDB2X_CWKTSQL_01.00007: CWKTSQL assertion" name="00013: Check for FILLER0"/>
    <testcase classname="CWKTDB2X_Unit_Tests.CWKTDB2X_Scenario.00001: CWKTDB2XCase1.CWKTDB2X_CWKTSQL_01.00007: CWKTSQL assertion" name="00014: Check for WA_SALES_SALARY"/>
    <testcase classname="CWKTDB2X_Unit_Tests.CWKTDB2X_Scenario.00001: CWKTDB2XCase1.CWKTDB2X_CWKTSQL_01.00007: CWKTSQL assertion" name="00015: Check for WA_SALES_AMOUNT"/>
    <testcase classname="CWKTDB2X_Unit_Tests.CWKTDB2X_Scenario.00001: CWKTDB2XCase1.CWKTDB2X_CWKTSQL_01.00007: CWKTSQL assertion" name="00016: Check for FILLER1"/>
    <testcase classname="CWKTDB2X_Unit_Tests.CWKTDB2X_Scenario.00001: CWKTDB2XCase1.CWKTDB2X_CWKTSQL_01.00007: CWKTSQL assertion" name="00017: Check for WA_MGMT_SALARY"/>
    <testcase classname="CWKTDB2X_Unit_Tests.CWKTDB2X_Scenario.00001: CWKTDB2XCase1.CWKTDB2X_CWKTSQL_01.00007: CWKTSQL assertion" name="00018: Check for FILLER2"/>
    <testcase classname="CWKTDB2X_Unit_Tests.CWKTDB2X_Scenario.00001: CWKTDB2XCase1.CWKTDB2X_CWKTSQL_01.00007: CWKTSQL assertion" name="00019: Check for WA_EMP_HIRE_YY"/>
    <testcase classname="CWKTDB2X_Unit_Tests.CWKTDB2X_Scenario.00001: CWKTDB2XCase1.CWKTDB2X_CWKTSQL_01.00007: CWKTSQL assertion" name="00020: Check for WA_EMP_HIRE_MM"/>
    <testcase classname="CWKTDB2X_Unit_Tests.CWKTDB2X_Scenario.00001: CWKTDB2XCase1.CWKTDB2X_CWKTSQL_01.00007: CWKTSQL assertion" name="00021: Check for WA_EMP_HIRE_DD"/>
    <testcase classname="CWKTDB2X_Unit_Tests.CWKTDB2X_Scenario.00001: CWKTDB2XCase1.CWKTDB2X_CWKTSQL_01.00007: CWKTSQL assertion" name="00022: Check for FILLER3"/>
    <testcase classname="CWKTDB2X_Unit_Tests.CWKTDB2X_Scenario.00001: CWKTDB2XCase1.CWKTDB2X_CWKTSQL_01.00007: CWKTSQL assertion" name="00023: Check for EMP_WAGES"/>
    <testcase classname="CWKTDB2X_Unit_Tests.CWKTDB2X_Scenario.00001: CWKTDB2XCase1.CWKTDB2X_CWKTSQL_01.00007: CWKTSQL assertion" name="00024: Check for CALC_COMMISSION"/>
    <testcase classname="CWKTDB2X_Unit_Tests.CWKTDB2X_Scenario.00001: CWKTDB2XCase1.CWKTDB2X_CWKTSQL_01.00007: CWKTSQL assertion" name="00025: Check for OT_AMOUNT"/>
    <testcase classname="CWKTDB2X_Unit_Tests.CWKTDB2X_Scenario.00001: CWKTDB2XCase1.CWKTDB2X_CWKTSQL_01.00007: CWKTSQL assertion" name="00026: Check for ERROR_LINE"/>
  </testsuite>
  <testsuite errors="0" failures="0" name="CWKTDB2X_Unit_Tests.CWKTDB2X_Scenario.00001: CWKTDB2XCase1.CWKTDB2X_CWKTSQL_01.00008: CWKTSQL assertion" tests="208">
    <testcase classname="CWKTDB2X_Unit_Tests.CWKTDB2X_Scenario.00001: CWKTDB2XCase1.CWKTDB2X_CWKTSQL_01.00008: CWKTSQL assertion" name="00001: Check for WS_SQL_FUNCTION"/>
    <testcase classname="CWKTDB2X_Unit_Tests.CWKTDB2X_Scenario.00001: CWKTDB2XCase1.CWKTDB2X_CWKTSQL_01.00008: CWKTSQL assertion" name="00002: Check for SQLCODE"/>
    <testcase classname="CWKTDB2X_Unit_Tests.CWKTDB2X_Scenario.00001: CWKTDB2XCase1.CWKTDB2X_CWKTSQL_01.00008: CWKTSQL assertion" name="00003: Check for WA_EMP_NUM"/>
    <testcase classname="CWKTDB2X_Unit_Tests.CWKTDB2X_Scenario.00001: CWKTDB2XCase1.CWKTDB2X_CWKTSQL_01.00008: CWKTSQL assertion" name="00004: Check for WA_EMP_TYPE"/>
    <testcase classname="CWKTDB2X_Unit_Tests.CWKTDB2X_Scenario.00001: CWKTDB2XCase1.CWKTDB2X_CWKTSQL_01.00008: CWKTSQL assertion" name="00005: Check for WA_EMP_REGION"/>
    <testcase classname="CWKTDB2X_Unit_Tests.CWKTDB2X_Scenario.00001: CWKTDB2XCase1.CWKTDB2X_CWKTSQL_01.00008: CWKTSQL assertion" name="00006: Check for WA_EMP_NAME"/>
    <testcase classname="CWKTDB2X_Unit_Tests.CWKTDB2X_Scenario.00001: CWKTDB2XCase1.CWKTDB2X_CWKTSQL_01.00008: CWKTSQL assertion" name="00007: Check for WA_EMP_STREET"/>
    <testcase classname="CWKTDB2X_Unit_Tests.CWKTDB2X_Scenario.00001: CWKTDB2XCase1.CWKTDB2X_CWKTSQL_01.00008: CWKTSQL assertion" name="00008: Check for WA_EMP_CITY"/>
    <testcase classname="CWKTDB2X_Unit_Tests.CWKTDB2X_Scenario.00001: CWKTDB2XCase1.CWKTDB2X_CWKTSQL_01.00008: CWKTSQL assertion" name="00009: Check for WA_EMP_STATE"/>
    <testcase classname="CWKTDB2X_Unit_Tests.CWKTDB2X_Scenario.00001: CWKTDB2XCase1.CWKTDB2X_CWKTSQL_01.00008: CWKTSQL assertion" name="00010: Check for WA_EMP_ZIP"/>
    <testcase classname="CWKTDB2X_Unit_Tests.CWKTDB2X_Scenario.00001: CWKTDB2XCase1.CWKTDB2X_CWKTSQL_01.00008: CWKTSQL assertion" name="00011: Check for WA_EMP_HOURS"/>
    <testcase classname="CWKTDB2X_Unit_Tests.CWKTDB2X_Scenario.00001: CWKTDB2XCase1.CWKTDB2X_CWKTSQL_01.00008: CWKTSQL assertion" name="00012: Check for WA_EMP_RATE"/>
    <testcase classname="CWKTDB2X_Unit_Tests.CWKTDB2X_Scenario.00001: CWKTDB2XCase1.CWKTDB2X_CWKTSQL_01.00008: CWKTSQL assertion" name="00013: Check for FILLER0"/>
    <testcase classname="CWKTDB2X_Unit_Tests.CWKTDB2X_Scenario.00001: CWKTDB2XCase1.CWKTDB2X_CWKTSQL_01.00008: CWKTSQL assertion" name="00014: Check for WA_SALES_SALARY"/>
    <testcase classname="CWKTDB2X_Unit_Tests.CWKTDB2X_Scenario.00001: CWKTDB2XCase1.CWKTDB2X_CWKTSQL_01.00008: CWKTSQL assertion" name="00015: Check for WA_SALES_AMOUNT"/>
    <testcase classname="CWKTDB2X_Unit_Tests.CWKTDB2X_Scenario.00001: CWKTDB2XCase1.CWKTDB2X_CWKTSQL_01.00008: CWKTSQL assertion" name="00016: Check for FILLER1"/>
    <testcase classname="CWKTDB2X_Unit_Tests.CWKTDB2X_Scenario.00001: CWKTDB2XCase1.CWKTDB2X_CWKTSQL_01.00008: CWKTSQL assertion" name="00017: Check for WA_MGMT_SALARY"/>
    <testcase classname="CWKTDB2X_Unit_Tests.CWKTDB2X_Scenario.00001: CWKTDB2XCase1.CWKTDB2X_CWKTSQL_01.00008: CWKTSQL assertion" name="00018: Check for FILLER2"/>
    <testcase classname="CWKTDB2X_Unit_Tests.CWKTDB2X_Scenario.00001: CWKTDB2XCase1.CWKTDB2X_CWKTSQL_01.00008: CWKTSQL assertion" name="00019: Check for WA_EMP_HIRE_YY"/>
    <testcase classname="CWKTDB2X_Unit_Tests.CWKTDB2X_Scenario.00001: CWKTDB2XCase1.CWKTDB2X_CWKTSQL_01.00008: CWKTSQL assertion" name="00020: Check for WA_EMP_HIRE_MM"/>
    <testcase classname="CWKTDB2X_Unit_Tests.CWKTDB2X_Scenario.00001: CWKTDB2XCase1.CWKTDB2X_CWKTSQL_01.00008: CWKTSQL assertion" name="00021: Check for WA_EMP_HIRE_DD"/>
    <testcase classname="CWKTDB2X_Unit_Tests.CWKTDB2X_Scenario.00001: CWKTDB2XCase1.CWKTDB2X_CWKTSQL_01.00008: CWKTSQL assertion" name="00022: Check for FILLER3"/>
    <testcase classname="CWKTDB2X_Unit_Tests.CWKTDB2X_Scenario.00001: CWKTDB2XCase1.CWKTDB2X_CWKTSQL_01.00008: CWKTSQL assertion" name="00023: Check for EMP_WAGES"/>
    <testcase classname="CWKTDB2X_Unit_Tests.CWKTDB2X_Scenario.00001: CWKTDB2XCase1.CWKTDB2X_CWKTSQL_01.00008: CWKTSQL assertion" name="00024: Check for CALC_COMMISSION"/>
    <testcase classname="CWKTDB2X_Unit_Tests.CWKTDB2X_Scenario.00001: CWKTDB2XCase1.CWKTDB2X_CWKTSQL_01.00008: CWKTSQL assertion" name="00025: Check for OT_AMOUNT"/>
    <testcase classname="CWKTDB2X_Unit_Tests.CWKTDB2X_Scenario.00001: CWKTDB2XCase1.CWKTDB2X_CWKTSQL_01.00008: CWKTSQL assertion" name="00026: Check for ERROR_LINE"/>
  </testsuite>
  <testsuite errors="0" failures="0" name="CWKTDB2X_Unit_Tests.CWKTDB2X_Scenario.00001: CWKTDB2XCase1.CWKTDB2X_CWKTSQL_01.00009: CWKTSQL assertion" tests="234">
    <testcase classname="CWKTDB2X_Unit_Tests.CWKTDB2X_Scenario.00001: CWKTDB2XCase1.CWKTDB2X_CWKTSQL_01.00009: CWKTSQL assertion" name="00001: Check for WS_SQL_FUNCTION"/>
    <testcase classname="CWKTDB2X_Unit_Tests.CWKTDB2X_Scenario.00001: CWKTDB2XCase1.CWKTDB2X_CWKTSQL_01.00009: CWKTSQL assertion" name="00002: Check for SQLCODE"/>
    <testcase classname="CWKTDB2X_Unit_Tests.CWKTDB2X_Scenario.00001: CWKTDB2XCase1.CWKTDB2X_CWKTSQL_01.00009: CWKTSQL assertion" name="00003: Check for WA_EMP_NUM"/>
    <testcase classname="CWKTDB2X_Unit_Tests.CWKTDB2X_Scenario.00001: CWKTDB2XCase1.CWKTDB2X_CWKTSQL_01.00009: CWKTSQL assertion" name="00004: Check for WA_EMP_TYPE"/>
    <testcase classname="CWKTDB2X_Unit_Tests.CWKTDB2X_Scenario.00001: CWKTDB2XCase1.CWKTDB2X_CWKTSQL_01.00009: CWKTSQL assertion" name="00005: Check for WA_EMP_REGION"/>
    <testcase classname="CWKTDB2X_Unit_Tests.CWKTDB2X_Scenario.00001: CWKTDB2XCase1.CWKTDB2X_CWKTSQL_01.00009: CWKTSQL assertion" name="00006: Check for WA_EMP_NAME"/>
    <testcase classname="CWKTDB2X_Unit_Tests.CWKTDB2X_Scenario.00001: CWKTDB2XCase1.CWKTDB2X_CWKTSQL_01.00009: CWKTSQL assertion" name="00007: Check for WA_EMP_STREET"/>
    <testcase classname="CWKTDB2X_Unit_Tests.CWKTDB2X_Scenario.00001: CWKTDB2XCase1.CWKTDB2X_CWKTSQL_01.00009: CWKTSQL assertion" name="00008: Check for WA_EMP_CITY"/>
    <testcase classname="CWKTDB2X_Unit_Tests.CWKTDB2X_Scenario.00001: CWKTDB2XCase1.CWKTDB2X_CWKTSQL_01.00009: CWKTSQL assertion" name="00009: Check for WA_EMP_STATE"/>
    <testcase classname="CWKTDB2X_Unit_Tests.CWKTDB2X_Scenario.00001: CWKTDB2XCase1.CWKTDB2X_CWKTSQL_01.00009: CWKTSQL assertion" name="00010: Check for WA_EMP_ZIP"/>
    <testcase classname="CWKTDB2X_Unit_Tests.CWKTDB2X_Scenario.00001: CWKTDB2XCase1.CWKTDB2X_CWKTSQL_01.00009: CWKTSQL assertion" name="00011: Check for WA_EMP_HOURS"/>
    <testcase classname="CWKTDB2X_Unit_Tests.CWKTDB2X_Scenario.00001: CWKTDB2XCase1.CWKTDB2X_CWKTSQL_01.00009: CWKTSQL assertion" name="00012: Check for WA_EMP_RATE"/>
    <testcase classname="CWKTDB2X_Unit_Tests.CWKTDB2X_Scenario.00001: CWKTDB2XCase1.CWKTDB2X_CWKTSQL_01.00009: CWKTSQL assertion" name="00013: Check for FILLER0"/>
    <testcase classname="CWKTDB2X_Unit_Tests.CWKTDB2X_Scenario.00001: CWKTDB2XCase1.CWKTDB2X_CWKTSQL_01.00009: CWKTSQL assertion" name="00014: Check for WA_SALES_SALARY"/>
    <testcase classname="CWKTDB2X_Unit_Tests.CWKTDB2X_Scenario.00001: CWKTDB2XCase1.CWKTDB2X_CWKTSQL_01.00009: CWKTSQL assertion" name="00015: Check for WA_SALES_AMOUNT"/>
    <testcase classname="CWKTDB2X_Unit_Tests.CWKTDB2X_Scenario.00001: CWKTDB2XCase1.CWKTDB2X_CWKTSQL_01.00009: CWKTSQL assertion" name="00016: Check for FILLER1"/>
    <testcase classname="CWKTDB2X_Unit_Tests.CWKTDB2X_Scenario.00001: CWKTDB2XCase1.CWKTDB2X_CWKTSQL_01.00009: CWKTSQL assertion" name="00017: Check for WA_MGMT_SALARY"/>
    <testcase classname="CWKTDB2X_Unit_Tests.CWKTDB2X_Scenario.00001: CWKTDB2XCase1.CWKTDB2X_CWKTSQL_01.00009: CWKTSQL assertion" name="00018: Check for FILLER2"/>
    <testcase classname="CWKTDB2X_Unit_Tests.CWKTDB2X_Scenario.00001: CWKTDB2XCase1.CWKTDB2X_CWKTSQL_01.00009: CWKTSQL assertion" name="00019: Check for WA_EMP_HIRE_YY"/>
    <testcase classname="CWKTDB2X_Unit_Tests.CWKTDB2X_Scenario.00001: CWKTDB2XCase1.CWKTDB2X_CWKTSQL_01.00009: CWKTSQL assertion" name="00020: Check for WA_EMP_HIRE_MM"/>
    <testcase classname="CWKTDB2X_Unit_Tests.CWKTDB2X_Scenario.00001: CWKTDB2XCase1.CWKTDB2X_CWKTSQL_01.00009: CWKTSQL assertion" name="00021: Check for WA_EMP_HIRE_DD"/>
    <testcase classname="CWKTDB2X_Unit_Tests.CWKTDB2X_Scenario.00001: CWKTDB2XCase1.CWKTDB2X_CWKTSQL_01.00009: CWKTSQL assertion" name="00022: Check for FILLER3"/>
    <testcase classname="CWKTDB2X_Unit_Tests.CWKTDB2X_Scenario.00001: CWKTDB2XCase1.CWKTDB2X_CWKTSQL_01.00009: CWKTSQL assertion" name="00023: Check for EMP_WAGES"/>
    <testcase classname="CWKTDB2X_Unit_Tests.CWKTDB2X_Scenario.00001: CWKTDB2XCase1.CWKTDB2X_CWKTSQL_01.00009: CWKTSQL assertion" name="00024: Check for CALC_COMMISSION"/>
    <testcase classname="CWKTDB2X_Unit_Tests.CWKTDB2X_Scenario.00001: CWKTDB2XCase1.CWKTDB2X_CWKTSQL_01.00009: CWKTSQL assertion" name="00025: Check for OT_AMOUNT"/>
    <testcase classname="CWKTDB2X_Unit_Tests.CWKTDB2X_Scenario.00001: CWKTDB2XCase1.CWKTDB2X_CWKTSQL_01.00009: CWKTSQL assertion" name="00026: Check for ERROR_LINE"/>
  </testsuite>
  <testsuite errors="0" failures="0" name="CWKTDB2X_Unit_Tests.CWKTDB2X_Scenario.00001: CWKTDB2XCase1.CWKTDB2X_CWKTSQL_01.00010: CWKTSQL assertion" tests="260">
    <testcase classname="CWKTDB2X_Unit_Tests.CWKTDB2X_Scenario.00001: CWKTDB2XCase1.CWKTDB2X_CWKTSQL_01.00010: CWKTSQL assertion" name="00001: Check for WS_SQL_FUNCTION"/>
    <testcase classname="CWKTDB2X_Unit_Tests.CWKTDB2X_Scenario.00001: CWKTDB2XCase1.CWKTDB2X_CWKTSQL_01.00010: CWKTSQL assertion" name="00002: Check for SQLCODE"/>
    <testcase classname="CWKTDB2X_Unit_Tests.CWKTDB2X_Scenario.00001: CWKTDB2XCase1.CWKTDB2X_CWKTSQL_01.00010: CWKTSQL assertion" name="00003: Check for WA_EMP_NUM"/>
    <testcase classname="CWKTDB2X_Unit_Tests.CWKTDB2X_Scenario.00001: CWKTDB2XCase1.CWKTDB2X_CWKTSQL_01.00010: CWKTSQL assertion" name="00004: Check for WA_EMP_TYPE"/>
    <testcase classname="CWKTDB2X_Unit_Tests.CWKTDB2X_Scenario.00001: CWKTDB2XCase1.CWKTDB2X_CWKTSQL_01.00010: CWKTSQL assertion" name="00005: Check for WA_EMP_REGION"/>
    <testcase classname="CWKTDB2X_Unit_Tests.CWKTDB2X_Scenario.00001: CWKTDB2XCase1.CWKTDB2X_CWKTSQL_01.00010: CWKTSQL assertion" name="00006: Check for WA_EMP_NAME"/>
    <testcase classname="CWKTDB2X_Unit_Tests.CWKTDB2X_Scenario.00001: CWKTDB2XCase1.CWKTDB2X_CWKTSQL_01.00010: CWKTSQL assertion" name="00007: Check for WA_EMP_STREET"/>
    <testcase classname="CWKTDB2X_Unit_Tests.CWKTDB2X_Scenario.00001: CWKTDB2XCase1.CWKTDB2X_CWKTSQL_01.00010: CWKTSQL assertion" name="00008: Check for WA_EMP_CITY"/>
    <testcase classname="CWKTDB2X_Unit_Tests.CWKTDB2X_Scenario.00001: CWKTDB2XCase1.CWKTDB2X_CWKTSQL_01.00010: CWKTSQL assertion" name="00009: Check for WA_EMP_STATE"/>
    <testcase classname="CWKTDB2X_Unit_Tests.CWKTDB2X_Scenario.00001: CWKTDB2XCase1.CWKTDB2X_CWKTSQL_01.00010: CWKTSQL assertion" name="00010: Check for WA_EMP_ZIP"/>
    <testcase classname="CWKTDB2X_Unit_Tests.CWKTDB2X_Scenario.00001: CWKTDB2XCase1.CWKTDB2X_CWKTSQL_01.00010: CWKTSQL assertion" name="00011: Check for WA_EMP_HOURS"/>
    <testcase classname="CWKTDB2X_Unit_Tests.CWKTDB2X_Scenario.00001: CWKTDB2XCase1.CWKTDB2X_CWKTSQL_01.00010: CWKTSQL assertion" name="00012: Check for WA_EMP_RATE"/>
    <testcase classname="CWKTDB2X_Unit_Tests.CWKTDB2X_Scenario.00001: CWKTDB2XCase1.CWKTDB2X_CWKTSQL_01.00010: CWKTSQL assertion" name="00013: Check for FILLER0"/>
    <testcase classname="CWKTDB2X_Unit_Tests.CWKTDB2X_Scenario.00001: CWKTDB2XCase1.CWKTDB2X_CWKTSQL_01.00010: CWKTSQL assertion" name="00014: Check for WA_SALES_SALARY"/>
    <testcase classname="CWKTDB2X_Unit_Tests.CWKTDB2X_Scenario.00001: CWKTDB2XCase1.CWKTDB2X_CWKTSQL_01.00010: CWKTSQL assertion" name="00015: Check for WA_SALES_AMOUNT"/>
    <testcase classname="CWKTDB2X_Unit_Tests.CWKTDB2X_Scenario.00001: CWKTDB2XCase1.CWKTDB2X_CWKTSQL_01.00010: CWKTSQL assertion" name="00016: Check for FILLER1"/>
    <testcase classname="CWKTDB2X_Unit_Tests.CWKTDB2X_Scenario.00001: CWKTDB2XCase1.CWKTDB2X_CWKTSQL_01.00010: CWKTSQL assertion" name="00017: Check for WA_MGMT_SALARY"/>
    <testcase classname="CWKTDB2X_Unit_Tests.CWKTDB2X_Scenario.00001: CWKTDB2XCase1.CWKTDB2X_CWKTSQL_01.00010: CWKTSQL assertion" name="00018: Check for FILLER2"/>
    <testcase classname="CWKTDB2X_Unit_Tests.CWKTDB2X_Scenario.00001: CWKTDB2XCase1.CWKTDB2X_CWKTSQL_01.00010: CWKTSQL assertion" name="00019: Check for WA_EMP_HIRE_YY"/>
    <testcase classname="CWKTDB2X_Unit_Tests.CWKTDB2X_Scenario.00001: CWKTDB2XCase1.CWKTDB2X_CWKTSQL_01.00010: CWKTSQL assertion" name="00020: Check for WA_EMP_HIRE_MM"/>
    <testcase classname="CWKTDB2X_Unit_Tests.CWKTDB2X_Scenario.00001: CWKTDB2XCase1.CWKTDB2X_CWKTSQL_01.00010: CWKTSQL assertion" name="00021: Check for WA_EMP_HIRE_DD"/>
    <testcase classname="CWKTDB2X_Unit_Tests.CWKTDB2X_Scenario.00001: CWKTDB2XCase1.CWKTDB2X_CWKTSQL_01.00010: CWKTSQL assertion" name="00022: Check for FILLER3"/>
    <testcase classname="CWKTDB2X_Unit_Tests.CWKTDB2X_Scenario.00001: CWKTDB2XCase1.CWKTDB2X_CWKTSQL_01.00010: CWKTSQL assertion" name="00023: Check for EMP_WAGES"/>
    <testcase classname="CWKTDB2X_Unit_Tests.CWKTDB2X_Scenario.00001: CWKTDB2XCase1.CWKTDB2X_CWKTSQL_01.00010: CWKTSQL assertion" name="00024: Check for CALC_COMMISSION"/>
    <testcase classname="CWKTDB2X_Unit_Tests.CWKTDB2X_Scenario.00001: CWKTDB2XCase1.CWKTDB2X_CWKTSQL_01.00010: CWKTSQL assertion" name="00025: Check for OT_AMOUNT"/>
    <testcase classname="CWKTDB2X_Unit_Tests.CWKTDB2X_Scenario.00001: CWKTDB2XCase1.CWKTDB2X_CWKTSQL_01.00010: CWKTSQL assertion" name="00026: Check for ERROR_LINE"/>
  </testsuite>
  <testsuite errors="0" failures="0" name="CWKTDB2X_Unit_Tests.CWKTDB2X_Scenario.00001: CWKTDB2XCase1.CWKTDB2X_CWKTSQL_01.00011: CWKTSQL assertion" tests="286">
    <testcase classname="CWKTDB2X_Unit_Tests.CWKTDB2X_Scenario.00001: CWKTDB2XCase1.CWKTDB2X_CWKTSQL_01.00011: CWKTSQL assertion" name="00001: Check for WS_SQL_FUNCTION"/>
    <testcase classname="CWKTDB2X_Unit_Tests.CWKTDB2X_Scenario.00001: CWKTDB2XCase1.CWKTDB2X_CWKTSQL_01.00011: CWKTSQL assertion" name="00002: Check for SQLCODE"/>
    <testcase classname="CWKTDB2X_Unit_Tests.CWKTDB2X_Scenario.00001: CWKTDB2XCase1.CWKTDB2X_CWKTSQL_01.00011: CWKTSQL assertion" name="00003: Check for WA_EMP_NUM"/>
    <testcase classname="CWKTDB2X_Unit_Tests.CWKTDB2X_Scenario.00001: CWKTDB2XCase1.CWKTDB2X_CWKTSQL_01.00011: CWKTSQL assertion" name="00004: Check for WA_EMP_TYPE"/>
    <testcase classname="CWKTDB2X_Unit_Tests.CWKTDB2X_Scenario.00001: CWKTDB2XCase1.CWKTDB2X_CWKTSQL_01.00011: CWKTSQL assertion" name="00005: Check for WA_EMP_REGION"/>
    <testcase classname="CWKTDB2X_Unit_Tests.CWKTDB2X_Scenario.00001: CWKTDB2XCase1.CWKTDB2X_CWKTSQL_01.00011: CWKTSQL assertion" name="00006: Check for WA_EMP_NAME"/>
    <testcase classname="CWKTDB2X_Unit_Tests.CWKTDB2X_Scenario.00001: CWKTDB2XCase1.CWKTDB2X_CWKTSQL_01.00011: CWKTSQL assertion" name="00007: Check for WA_EMP_STREET"/>
    <testcase classname="CWKTDB2X_Unit_Tests.CWKTDB2X_Scenario.00001: CWKTDB2XCase1.CWKTDB2X_CWKTSQL_01.00011: CWKTSQL assertion" name="00008: Check for WA_EMP_CITY"/>
    <testcase classname="CWKTDB2X_Unit_Tests.CWKTDB2X_Scenario.00001: CWKTDB2XCase1.CWKTDB2X_CWKTSQL_01.00011: CWKTSQL assertion" name="00009: Check for WA_EMP_STATE"/>
    <testcase classname="CWKTDB2X_Unit_Tests.CWKTDB2X_Scenario.00001: CWKTDB2XCase1.CWKTDB2X_CWKTSQL_01.00011: CWKTSQL assertion" name="00010: Check for WA_EMP_ZIP"/>
    <testcase classname="CWKTDB2X_Unit_Tests.CWKTDB2X_Scenario.00001: CWKTDB2XCase1.CWKTDB2X_CWKTSQL_01.00011: CWKTSQL assertion" name="00011: Check for WA_EMP_HOURS"/>
    <testcase classname="CWKTDB2X_Unit_Tests.CWKTDB2X_Scenario.00001: CWKTDB2XCase1.CWKTDB2X_CWKTSQL_01.00011: CWKTSQL assertion" name="00012: Check for WA_EMP_RATE"/>
    <testcase classname="CWKTDB2X_Unit_Tests.CWKTDB2X_Scenario.00001: CWKTDB2XCase1.CWKTDB2X_CWKTSQL_01.00011: CWKTSQL assertion" name="00013: Check for FILLER0"/>
    <testcase classname="CWKTDB2X_Unit_Tests.CWKTDB2X_Scenario.00001: CWKTDB2XCase1.CWKTDB2X_CWKTSQL_01.00011: CWKTSQL assertion" name="00014: Check for WA_SALES_SALARY"/>
    <testcase classname="CWKTDB2X_Unit_Tests.CWKTDB2X_Scenario.00001: CWKTDB2XCase1.CWKTDB2X_CWKTSQL_01.00011: CWKTSQL assertion" name="00015: Check for WA_SALES_AMOUNT"/>
    <testcase classname="CWKTDB2X_Unit_Tests.CWKTDB2X_Scenario.00001: CWKTDB2XCase1.CWKTDB2X_CWKTSQL_01.00011: CWKTSQL assertion" name="00016: Check for FILLER1"/>
    <testcase classname="CWKTDB2X_Unit_Tests.CWKTDB2X_Scenario.00001: CWKTDB2XCase1.CWKTDB2X_CWKTSQL_01.00011: CWKTSQL assertion" name="00017: Check for WA_MGMT_SALARY"/>
    <testcase classname="CWKTDB2X_Unit_Tests.CWKTDB2X_Scenario.00001: CWKTDB2XCase1.CWKTDB2X_CWKTSQL_01.00011: CWKTSQL assertion" name="00018: Check for FILLER2"/>
    <testcase classname="CWKTDB2X_Unit_Tests.CWKTDB2X_Scenario.00001: CWKTDB2XCase1.CWKTDB2X_CWKTSQL_01.00011: CWKTSQL assertion" name="00019: Check for WA_EMP_HIRE_YY"/>
    <testcase classname="CWKTDB2X_Unit_Tests.CWKTDB2X_Scenario.00001: CWKTDB2XCase1.CWKTDB2X_CWKTSQL_01.00011: CWKTSQL assertion" name="00020: Check for WA_EMP_HIRE_MM"/>
    <testcase classname="CWKTDB2X_Unit_Tests.CWKTDB2X_Scenario.00001: CWKTDB2XCase1.CWKTDB2X_CWKTSQL_01.00011: CWKTSQL assertion" name="00021: Check for WA_EMP_HIRE_DD"/>
    <testcase classname="CWKTDB2X_Unit_Tests.CWKTDB2X_Scenario.00001: CWKTDB2XCase1.CWKTDB2X_CWKTSQL_01.00011: CWKTSQL assertion" name="00022: Check for FILLER3"/>
    <testcase classname="CWKTDB2X_Unit_Tests.CWKTDB2X_Scenario.00001: CWKTDB2XCase1.CWKTDB2X_CWKTSQL_01.00011: CWKTSQL assertion" name="00023: Check for EMP_WAGES"/>
    <testcase classname="CWKTDB2X_Unit_Tests.CWKTDB2X_Scenario.00001: CWKTDB2XCase1.CWKTDB2X_CWKTSQL_01.00011: CWKTSQL assertion" name="00024: Check for CALC_COMMISSION"/>
    <testcase classname="CWKTDB2X_Unit_Tests.CWKTDB2X_Scenario.00001: CWKTDB2XCase1.CWKTDB2X_CWKTSQL_01.00011: CWKTSQL assertion" name="00025: Check for OT_AMOUNT"/>
    <testcase classname="CWKTDB2X_Unit_Tests.CWKTDB2X_Scenario.00001: CWKTDB2XCase1.CWKTDB2X_CWKTSQL_01.00011: CWKTSQL assertion" name="00026: Check for ERROR_LINE"/>
  </testsuite>
  <testsuite errors="0" failures="0" name="CWKTDB2X_Unit_Tests.CWKTDB2X_Scenario.00001: CWKTDB2XCase1.CWKTDB2X_CWKTSQL_01.00012: CWKTSQL assertion" tests="312">
    <testcase classname="CWKTDB2X_Unit_Tests.CWKTDB2X_Scenario.00001: CWKTDB2XCase1.CWKTDB2X_CWKTSQL_01.00012: CWKTSQL assertion" name="00001: Check for WS_SQL_FUNCTION"/>
    <testcase classname="CWKTDB2X_Unit_Tests.CWKTDB2X_Scenario.00001: CWKTDB2XCase1.CWKTDB2X_CWKTSQL_01.00012: CWKTSQL assertion" name="00002: Check for SQLCODE"/>
    <testcase classname="CWKTDB2X_Unit_Tests.CWKTDB2X_Scenario.00001: CWKTDB2XCase1.CWKTDB2X_CWKTSQL_01.00012: CWKTSQL assertion" name="00003: Check for WA_EMP_NUM"/>
    <testcase classname="CWKTDB2X_Unit_Tests.CWKTDB2X_Scenario.00001: CWKTDB2XCase1.CWKTDB2X_CWKTSQL_01.00012: CWKTSQL assertion" name="00004: Check for WA_EMP_TYPE"/>
    <testcase classname="CWKTDB2X_Unit_Tests.CWKTDB2X_Scenario.00001: CWKTDB2XCase1.CWKTDB2X_CWKTSQL_01.00012: CWKTSQL assertion" name="00005: Check for WA_EMP_REGION"/>
    <testcase classname="CWKTDB2X_Unit_Tests.CWKTDB2X_Scenario.00001: CWKTDB2XCase1.CWKTDB2X_CWKTSQL_01.00012: CWKTSQL assertion" name="00006: Check for WA_EMP_NAME"/>
    <testcase classname="CWKTDB2X_Unit_Tests.CWKTDB2X_Scenario.00001: CWKTDB2XCase1.CWKTDB2X_CWKTSQL_01.00012: CWKTSQL assertion" name="00007: Check for WA_EMP_STREET"/>
    <testcase classname="CWKTDB2X_Unit_Tests.CWKTDB2X_Scenario.00001: CWKTDB2XCase1.CWKTDB2X_CWKTSQL_01.00012: CWKTSQL assertion" name="00008: Check for WA_EMP_CITY"/>
    <testcase classname="CWKTDB2X_Unit_Tests.CWKTDB2X_Scenario.00001: CWKTDB2XCase1.CWKTDB2X_CWKTSQL_01.00012: CWKTSQL assertion" name="00009: Check for WA_EMP_STATE"/>
    <testcase classname="CWKTDB2X_Unit_Tests.CWKTDB2X_Scenario.00001: CWKTDB2XCase1.CWKTDB2X_CWKTSQL_01.00012: CWKTSQL assertion" name="00010: Check for WA_EMP_ZIP"/>
    <testcase classname="CWKTDB2X_Unit_Tests.CWKTDB2X_Scenario.00001: CWKTDB2XCase1.CWKTDB2X_CWKTSQL_01.00012: CWKTSQL assertion" name="00011: Check for WA_EMP_HOURS"/>
    <testcase classname="CWKTDB2X_Unit_Tests.CWKTDB2X_Scenario.00001: CWKTDB2XCase1.CWKTDB2X_CWKTSQL_01.00012: CWKTSQL assertion" name="00012: Check for WA_EMP_RATE"/>
    <testcase classname="CWKTDB2X_Unit_Tests.CWKTDB2X_Scenario.00001: CWKTDB2XCase1.CWKTDB2X_CWKTSQL_01.00012: CWKTSQL assertion" name="00013: Check for FILLER0"/>
    <testcase classname="CWKTDB2X_Unit_Tests.CWKTDB2X_Scenario.00001: CWKTDB2XCase1.CWKTDB2X_CWKTSQL_01.00012: CWKTSQL assertion" name="00014: Check for WA_SALES_SALARY"/>
    <testcase classname="CWKTDB2X_Unit_Tests.CWKTDB2X_Scenario.00001: CWKTDB2XCase1.CWKTDB2X_CWKTSQL_01.00012: CWKTSQL assertion" name="00015: Check for WA_SALES_AMOUNT"/>
    <testcase classname="CWKTDB2X_Unit_Tests.CWKTDB2X_Scenario.00001: CWKTDB2XCase1.CWKTDB2X_CWKTSQL_01.00012: CWKTSQL assertion" name="00016: Check for FILLER1"/>
    <testcase classname="CWKTDB2X_Unit_Tests.CWKTDB2X_Scenario.00001: CWKTDB2XCase1.CWKTDB2X_CWKTSQL_01.00012: CWKTSQL assertion" name="00017: Check for WA_MGMT_SALARY"/>
    <testcase classname="CWKTDB2X_Unit_Tests.CWKTDB2X_Scenario.00001: CWKTDB2XCase1.CWKTDB2X_CWKTSQL_01.00012: CWKTSQL assertion" name="00018: Check for FILLER2"/>
    <testcase classname="CWKTDB2X_Unit_Tests.CWKTDB2X_Scenario.00001: CWKTDB2XCase1.CWKTDB2X_CWKTSQL_01.00012: CWKTSQL assertion" name="00019: Check for WA_EMP_HIRE_YY"/>
    <testcase classname="CWKTDB2X_Unit_Tests.CWKTDB2X_Scenario.00001: CWKTDB2XCase1.CWKTDB2X_CWKTSQL_01.00012: CWKTSQL assertion" name="00020: Check for WA_EMP_HIRE_MM"/>
    <testcase classname="CWKTDB2X_Unit_Tests.CWKTDB2X_Scenario.00001: CWKTDB2XCase1.CWKTDB2X_CWKTSQL_01.00012: CWKTSQL assertion" name="00021: Check for WA_EMP_HIRE_DD"/>
    <testcase classname="CWKTDB2X_Unit_Tests.CWKTDB2X_Scenario.00001: CWKTDB2XCase1.CWKTDB2X_CWKTSQL_01.00012: CWKTSQL assertion" name="00022: Check for FILLER3"/>
    <testcase classname="CWKTDB2X_Unit_Tests.CWKTDB2X_Scenario.00001: CWKTDB2XCase1.CWKTDB2X_CWKTSQL_01.00012: CWKTSQL assertion" name="00023: Check for EMP_WAGES"/>
    <testcase classname="CWKTDB2X_Unit_Tests.CWKTDB2X_Scenario.00001: CWKTDB2XCase1.CWKTDB2X_CWKTSQL_01.00012: CWKTSQL assertion" name="00024: Check for CALC_COMMISSION"/>
    <testcase classname="CWKTDB2X_Unit_Tests.CWKTDB2X_Scenario.00001: CWKTDB2XCase1.CWKTDB2X_CWKTSQL_01.00012: CWKTSQL assertion" name="00025: Check for OT_AMOUNT"/>
    <testcase classname="CWKTDB2X_Unit_Tests.CWKTDB2X_Scenario.00001: CWKTDB2XCase1.CWKTDB2X_CWKTSQL_01.00012: CWKTSQL assertion" name="00026: Check for ERROR_LINE"/>
  </testsuite>
  <testsuite errors="0" failures="0" name="CWKTDB2X_Unit_Tests.CWKTDB2X_Scenario.00001: CWKTDB2XCase1.CWKTDB2X_CWKTSQL_01.00013: CWKTSQL assertion" tests="338">
    <testcase classname="CWKTDB2X_Unit_Tests.CWKTDB2X_Scenario.00001: CWKTDB2XCase1.CWKTDB2X_CWKTSQL_01.00013: CWKTSQL assertion" name="00001: Check for WS_SQL_FUNCTION"/>
    <testcase classname="CWKTDB2X_Unit_Tests.CWKTDB2X_Scenario.00001: CWKTDB2XCase1.CWKTDB2X_CWKTSQL_01.00013: CWKTSQL assertion" name="00002: Check for SQLCODE"/>
    <testcase classname="CWKTDB2X_Unit_Tests.CWKTDB2X_Scenario.00001: CWKTDB2XCase1.CWKTDB2X_CWKTSQL_01.00013: CWKTSQL assertion" name="00003: Check for WA_EMP_NUM"/>
    <testcase classname="CWKTDB2X_Unit_Tests.CWKTDB2X_Scenario.00001: CWKTDB2XCase1.CWKTDB2X_CWKTSQL_01.00013: CWKTSQL assertion" name="00004: Check for WA_EMP_TYPE"/>
    <testcase classname="CWKTDB2X_Unit_Tests.CWKTDB2X_Scenario.00001: CWKTDB2XCase1.CWKTDB2X_CWKTSQL_01.00013: CWKTSQL assertion" name="00005: Check for WA_EMP_REGION"/>
    <testcase classname="CWKTDB2X_Unit_Tests.CWKTDB2X_Scenario.00001: CWKTDB2XCase1.CWKTDB2X_CWKTSQL_01.00013: CWKTSQL assertion" name="00006: Check for WA_EMP_NAME"/>
    <testcase classname="CWKTDB2X_Unit_Tests.CWKTDB2X_Scenario.00001: CWKTDB2XCase1.CWKTDB2X_CWKTSQL_01.00013: CWKTSQL assertion" name="00007: Check for WA_EMP_STREET"/>
    <testcase classname="CWKTDB2X_Unit_Tests.CWKTDB2X_Scenario.00001: CWKTDB2XCase1.CWKTDB2X_CWKTSQL_01.00013: CWKTSQL assertion" name="00008: Check for WA_EMP_CITY"/>
    <testcase classname="CWKTDB2X_Unit_Tests.CWKTDB2X_Scenario.00001: CWKTDB2XCase1.CWKTDB2X_CWKTSQL_01.00013: CWKTSQL assertion" name="00009: Check for WA_EMP_STATE"/>
    <testcase classname="CWKTDB2X_Unit_Tests.CWKTDB2X_Scenario.00001: CWKTDB2XCase1.CWKTDB2X_CWKTSQL_01.00013: CWKTSQL assertion" name="00010: Check for WA_EMP_ZIP"/>
    <testcase classname="CWKTDB2X_Unit_Tests.CWKTDB2X_Scenario.00001: CWKTDB2XCase1.CWKTDB2X_CWKTSQL_01.00013: CWKTSQL assertion" name="00011: Check for WA_EMP_HOURS"/>
    <testcase classname="CWKTDB2X_Unit_Tests.CWKTDB2X_Scenario.00001: CWKTDB2XCase1.CWKTDB2X_CWKTSQL_01.00013: CWKTSQL assertion" name="00012: Check for WA_EMP_RATE"/>
    <testcase classname="CWKTDB2X_Unit_Tests.CWKTDB2X_Scenario.00001: CWKTDB2XCase1.CWKTDB2X_CWKTSQL_01.00013: CWKTSQL assertion" name="00013: Check for FILLER0"/>
    <testcase classname="CWKTDB2X_Unit_Tests.CWKTDB2X_Scenario.00001: CWKTDB2XCase1.CWKTDB2X_CWKTSQL_01.00013: CWKTSQL assertion" name="00014: Check for WA_SALES_SALARY"/>
    <testcase classname="CWKTDB2X_Unit_Tests.CWKTDB2X_Scenario.00001: CWKTDB2XCase1.CWKTDB2X_CWKTSQL_01.00013: CWKTSQL assertion" name="00015: Check for WA_SALES_AMOUNT"/>
    <testcase classname="CWKTDB2X_Unit_Tests.CWKTDB2X_Scenario.00001: CWKTDB2XCase1.CWKTDB2X_CWKTSQL_01.00013: CWKTSQL assertion" name="00016: Check for FILLER1"/>
    <testcase classname="CWKTDB2X_Unit_Tests.CWKTDB2X_Scenario.00001: CWKTDB2XCase1.CWKTDB2X_CWKTSQL_01.00013: CWKTSQL assertion" name="00017: Check for WA_MGMT_SALARY"/>
    <testcase classname="CWKTDB2X_Unit_Tests.CWKTDB2X_Scenario.00001: CWKTDB2XCase1.CWKTDB2X_CWKTSQL_01.00013: CWKTSQL assertion" name="00018: Check for FILLER2"/>
    <testcase classname="CWKTDB2X_Unit_Tests.CWKTDB2X_Scenario.00001: CWKTDB2XCase1.CWKTDB2X_CWKTSQL_01.00013: CWKTSQL assertion" name="00019: Check for WA_EMP_HIRE_YY"/>
    <testcase classname="CWKTDB2X_Unit_Tests.CWKTDB2X_Scenario.00001: CWKTDB2XCase1.CWKTDB2X_CWKTSQL_01.00013: CWKTSQL assertion" name="00020: Check for WA_EMP_HIRE_MM"/>
    <testcase classname="CWKTDB2X_Unit_Tests.CWKTDB2X_Scenario.00001: CWKTDB2XCase1.CWKTDB2X_CWKTSQL_01.00013: CWKTSQL assertion" name="00021: Check for WA_EMP_HIRE_DD"/>
    <testcase classname="CWKTDB2X_Unit_Tests.CWKTDB2X_Scenario.00001: CWKTDB2XCase1.CWKTDB2X_CWKTSQL_01.00013: CWKTSQL assertion" name="00022: Check for FILLER3"/>
    <testcase classname="CWKTDB2X_Unit_Tests.CWKTDB2X_Scenario.00001: CWKTDB2XCase1.CWKTDB2X_CWKTSQL_01.00013: CWKTSQL assertion" name="00023: Check for EMP_WAGES"/>
    <testcase classname="CWKTDB2X_Unit_Tests.CWKTDB2X_Scenario.00001: CWKTDB2XCase1.CWKTDB2X_CWKTSQL_01.00013: CWKTSQL assertion" name="00024: Check for CALC_COMMISSION"/>
    <testcase classname="CWKTDB2X_Unit_Tests.CWKTDB2X_Scenario.00001: CWKTDB2XCase1.CWKTDB2X_CWKTSQL_01.00013: CWKTSQL assertion" name="00025: Check for OT_AMOUNT"/>
    <testcase classname="CWKTDB2X_Unit_Tests.CWKTDB2X_Scenario.00001: CWKTDB2XCase1.CWKTDB2X_CWKTSQL_01.00013: CWKTSQL assertion" name="00026: Check for ERROR_LINE"/>
  </testsuite>
  <testsuite errors="0" failures="0" name="CWKTDB2X_Unit_Tests.CWKTDB2X_Scenario.00001: CWKTDB2XCase1.CWKTDB2X_CWKTSQL_01.00014: CWKTSQL assertion" tests="364">
    <testcase classname="CWKTDB2X_Unit_Tests.CWKTDB2X_Scenario.00001: CWKTDB2XCase1.CWKTDB2X_CWKTSQL_01.00014: CWKTSQL assertion" name="00001: Check for WS_SQL_FUNCTION"/>
    <testcase classname="CWKTDB2X_Unit_Tests.CWKTDB2X_Scenario.00001: CWKTDB2XCase1.CWKTDB2X_CWKTSQL_01.00014: CWKTSQL assertion" name="00002: Check for SQLCODE"/>
    <testcase classname="CWKTDB2X_Unit_Tests.CWKTDB2X_Scenario.00001: CWKTDB2XCase1.CWKTDB2X_CWKTSQL_01.00014: CWKTSQL assertion" name="00003: Check for WA_EMP_NUM"/>
    <testcase classname="CWKTDB2X_Unit_Tests.CWKTDB2X_Scenario.00001: CWKTDB2XCase1.CWKTDB2X_CWKTSQL_01.00014: CWKTSQL assertion" name="00004: Check for WA_EMP_TYPE"/>
    <testcase classname="CWKTDB2X_Unit_Tests.CWKTDB2X_Scenario.00001: CWKTDB2XCase1.CWKTDB2X_CWKTSQL_01.00014: CWKTSQL assertion" name="00005: Check for WA_EMP_REGION"/>
    <testcase classname="CWKTDB2X_Unit_Tests.CWKTDB2X_Scenario.00001: CWKTDB2XCase1.CWKTDB2X_CWKTSQL_01.00014: CWKTSQL assertion" name="00006: Check for WA_EMP_NAME"/>
    <testcase classname="CWKTDB2X_Unit_Tests.CWKTDB2X_Scenario.00001: CWKTDB2XCase1.CWKTDB2X_CWKTSQL_01.00014: CWKTSQL assertion" name="00007: Check for WA_EMP_STREET"/>
    <testcase classname="CWKTDB2X_Unit_Tests.CWKTDB2X_Scenario.00001: CWKTDB2XCase1.CWKTDB2X_CWKTSQL_01.00014: CWKTSQL assertion" name="00008: Check for WA_EMP_CITY"/>
    <testcase classname="CWKTDB2X_Unit_Tests.CWKTDB2X_Scenario.00001: CWKTDB2XCase1.CWKTDB2X_CWKTSQL_01.00014: CWKTSQL assertion" name="00009: Check for WA_EMP_STATE"/>
    <testcase classname="CWKTDB2X_Unit_Tests.CWKTDB2X_Scenario.00001: CWKTDB2XCase1.CWKTDB2X_CWKTSQL_01.00014: CWKTSQL assertion" name="00010: Check for WA_EMP_ZIP"/>
    <testcase classname="CWKTDB2X_Unit_Tests.CWKTDB2X_Scenario.00001: CWKTDB2XCase1.CWKTDB2X_CWKTSQL_01.00014: CWKTSQL assertion" name="00011: Check for WA_EMP_HOURS"/>
    <testcase classname="CWKTDB2X_Unit_Tests.CWKTDB2X_Scenario.00001: CWKTDB2XCase1.CWKTDB2X_CWKTSQL_01.00014: CWKTSQL assertion" name="00012: Check for WA_EMP_RATE"/>
    <testcase classname="CWKTDB2X_Unit_Tests.CWKTDB2X_Scenario.00001: CWKTDB2XCase1.CWKTDB2X_CWKTSQL_01.00014: CWKTSQL assertion" name="00013: Check for FILLER0"/>
    <testcase classname="CWKTDB2X_Unit_Tests.CWKTDB2X_Scenario.00001: CWKTDB2XCase1.CWKTDB2X_CWKTSQL_01.00014: CWKTSQL assertion" name="00014: Check for WA_SALES_SALARY"/>
    <testcase classname="CWKTDB2X_Unit_Tests.CWKTDB2X_Scenario.00001: CWKTDB2XCase1.CWKTDB2X_CWKTSQL_01.00014: CWKTSQL assertion" name="00015: Check for WA_SALES_AMOUNT"/>
    <testcase classname="CWKTDB2X_Unit_Tests.CWKTDB2X_Scenario.00001: CWKTDB2XCase1.CWKTDB2X_CWKTSQL_01.00014: CWKTSQL assertion" name="00016: Check for FILLER1"/>
    <testcase classname="CWKTDB2X_Unit_Tests.CWKTDB2X_Scenario.00001: CWKTDB2XCase1.CWKTDB2X_CWKTSQL_01.00014: CWKTSQL assertion" name="00017: Check for WA_MGMT_SALARY"/>
    <testcase classname="CWKTDB2X_Unit_Tests.CWKTDB2X_Scenario.00001: CWKTDB2XCase1.CWKTDB2X_CWKTSQL_01.00014: CWKTSQL assertion" name="00018: Check for FILLER2"/>
    <testcase classname="CWKTDB2X_Unit_Tests.CWKTDB2X_Scenario.00001: CWKTDB2XCase1.CWKTDB2X_CWKTSQL_01.00014: CWKTSQL assertion" name="00019: Check for WA_EMP_HIRE_YY"/>
    <testcase classname="CWKTDB2X_Unit_Tests.CWKTDB2X_Scenario.00001: CWKTDB2XCase1.CWKTDB2X_CWKTSQL_01.00014: CWKTSQL assertion" name="00020: Check for WA_EMP_HIRE_MM"/>
    <testcase classname="CWKTDB2X_Unit_Tests.CWKTDB2X_Scenario.00001: CWKTDB2XCase1.CWKTDB2X_CWKTSQL_01.00014: CWKTSQL assertion" name="00021: Check for WA_EMP_HIRE_DD"/>
    <testcase classname="CWKTDB2X_Unit_Tests.CWKTDB2X_Scenario.00001: CWKTDB2XCase1.CWKTDB2X_CWKTSQL_01.00014: CWKTSQL assertion" name="00022: Check for FILLER3"/>
    <testcase classname="CWKTDB2X_Unit_Tests.CWKTDB2X_Scenario.00001: CWKTDB2XCase1.CWKTDB2X_CWKTSQL_01.00014: CWKTSQL assertion" name="00023: Check for EMP_WAGES"/>
    <testcase classname="CWKTDB2X_Unit_Tests.CWKTDB2X_Scenario.00001: CWKTDB2XCase1.CWKTDB2X_CWKTSQL_01.00014: CWKTSQL assertion" name="00024: Check for CALC_COMMISSION"/>
    <testcase classname="CWKTDB2X_Unit_Tests.CWKTDB2X_Scenario.00001: CWKTDB2XCase1.CWKTDB2X_CWKTSQL_01.00014: CWKTSQL assertion" name="00025: Check for OT_AMOUNT"/>
    <testcase classname="CWKTDB2X_Unit_Tests.CWKTDB2X_Scenario.00001: CWKTDB2XCase1.CWKTDB2X_CWKTSQL_01.00014: CWKTSQL assertion" name="00026: Check for ERROR_LINE"/>
  </testsuite>
  <testsuite errors="0" failures="0" name="CWKTDB2X_Unit_Tests.CWKTDB2X_Scenario.00001: CWKTDB2XCase1.CWKTDB2X_CWKTSQL_01.00015: CWKTSQL assertion" tests="390">
    <testcase classname="CWKTDB2X_Unit_Tests.CWKTDB2X_Scenario.00001: CWKTDB2XCase1.CWKTDB2X_CWKTSQL_01.00015: CWKTSQL assertion" name="00001: Check for WS_SQL_FUNCTION"/>
    <testcase classname="CWKTDB2X_Unit_Tests.CWKTDB2X_Scenario.00001: CWKTDB2XCase1.CWKTDB2X_CWKTSQL_01.00015: CWKTSQL assertion" name="00002: Check for SQLCODE"/>
    <testcase classname="CWKTDB2X_Unit_Tests.CWKTDB2X_Scenario.00001: CWKTDB2XCase1.CWKTDB2X_CWKTSQL_01.00015: CWKTSQL assertion" name="00003: Check for WA_EMP_NUM"/>
    <testcase classname="CWKTDB2X_Unit_Tests.CWKTDB2X_Scenario.00001: CWKTDB2XCase1.CWKTDB2X_CWKTSQL_01.00015: CWKTSQL assertion" name="00004: Check for WA_EMP_TYPE"/>
    <testcase classname="CWKTDB2X_Unit_Tests.CWKTDB2X_Scenario.00001: CWKTDB2XCase1.CWKTDB2X_CWKTSQL_01.00015: CWKTSQL assertion" name="00005: Check for WA_EMP_REGION"/>
    <testcase classname="CWKTDB2X_Unit_Tests.CWKTDB2X_Scenario.00001: CWKTDB2XCase1.CWKTDB2X_CWKTSQL_01.00015: CWKTSQL assertion" name="00006: Check for WA_EMP_NAME"/>
    <testcase classname="CWKTDB2X_Unit_Tests.CWKTDB2X_Scenario.00001: CWKTDB2XCase1.CWKTDB2X_CWKTSQL_01.00015: CWKTSQL assertion" name="00007: Check for WA_EMP_STREET"/>
    <testcase classname="CWKTDB2X_Unit_Tests.CWKTDB2X_Scenario.00001: CWKTDB2XCase1.CWKTDB2X_CWKTSQL_01.00015: CWKTSQL assertion" name="00008: Check for WA_EMP_CITY"/>
    <testcase classname="CWKTDB2X_Unit_Tests.CWKTDB2X_Scenario.00001: CWKTDB2XCase1.CWKTDB2X_CWKTSQL_01.00015: CWKTSQL assertion" name="00009: Check for WA_EMP_STATE"/>
    <testcase classname="CWKTDB2X_Unit_Tests.CWKTDB2X_Scenario.00001: CWKTDB2XCase1.CWKTDB2X_CWKTSQL_01.00015: CWKTSQL assertion" name="00010: Check for WA_EMP_ZIP"/>
    <testcase classname="CWKTDB2X_Unit_Tests.CWKTDB2X_Scenario.00001: CWKTDB2XCase1.CWKTDB2X_CWKTSQL_01.00015: CWKTSQL assertion" name="00011: Check for WA_EMP_HOURS"/>
    <testcase classname="CWKTDB2X_Unit_Tests.CWKTDB2X_Scenario.00001: CWKTDB2XCase1.CWKTDB2X_CWKTSQL_01.00015: CWKTSQL assertion" name="00012: Check for WA_EMP_RATE"/>
    <testcase classname="CWKTDB2X_Unit_Tests.CWKTDB2X_Scenario.00001: CWKTDB2XCase1.CWKTDB2X_CWKTSQL_01.00015: CWKTSQL assertion" name="00013: Check for FILLER0"/>
    <testcase classname="CWKTDB2X_Unit_Tests.CWKTDB2X_Scenario.00001: CWKTDB2XCase1.CWKTDB2X_CWKTSQL_01.00015: CWKTSQL assertion" name="00014: Check for WA_SALES_SALARY"/>
    <testcase classname="CWKTDB2X_Unit_Tests.CWKTDB2X_Scenario.00001: CWKTDB2XCase1.CWKTDB2X_CWKTSQL_01.00015: CWKTSQL assertion" name="00015: Check for WA_SALES_AMOUNT"/>
    <testcase classname="CWKTDB2X_Unit_Tests.CWKTDB2X_Scenario.00001: CWKTDB2XCase1.CWKTDB2X_CWKTSQL_01.00015: CWKTSQL assertion" name="00016: Check for FILLER1"/>
    <testcase classname="CWKTDB2X_Unit_Tests.CWKTDB2X_Scenario.00001: CWKTDB2XCase1.CWKTDB2X_CWKTSQL_01.00015: CWKTSQL assertion" name="00017: Check for WA_MGMT_SALARY"/>
    <testcase classname="CWKTDB2X_Unit_Tests.CWKTDB2X_Scenario.00001: CWKTDB2XCase1.CWKTDB2X_CWKTSQL_01.00015: CWKTSQL assertion" name="00018: Check for FILLER2"/>
    <testcase classname="CWKTDB2X_Unit_Tests.CWKTDB2X_Scenario.00001: CWKTDB2XCase1.CWKTDB2X_CWKTSQL_01.00015: CWKTSQL assertion" name="00019: Check for WA_EMP_HIRE_YY"/>
    <testcase classname="CWKTDB2X_Unit_Tests.CWKTDB2X_Scenario.00001: CWKTDB2XCase1.CWKTDB2X_CWKTSQL_01.00015: CWKTSQL assertion" name="00020: Check for WA_EMP_HIRE_MM"/>
    <testcase classname="CWKTDB2X_Unit_Tests.CWKTDB2X_Scenario.00001: CWKTDB2XCase1.CWKTDB2X_CWKTSQL_01.00015: CWKTSQL assertion" name="00021: Check for WA_EMP_HIRE_DD"/>
    <testcase classname="CWKTDB2X_Unit_Tests.CWKTDB2X_Scenario.00001: CWKTDB2XCase1.CWKTDB2X_CWKTSQL_01.00015: CWKTSQL assertion" name="00022: Check for FILLER3"/>
[...]
    <testcase classname="CWKTDB2X_Unit_Tests.CWKTDB2X_Scenario.00001: CWKTDB2XCase1.CWKTDB2X_RPTFILE_FILE_01.00013: RPTFILE assertion" name="00010: Check for EMP_DTL_HIRE_DD"/>
    <testcase classname="CWKTDB2X_Unit_Tests.CWKTDB2X_Scenario.00001: CWKTDB2XCase1.CWKTDB2X_RPTFILE_FILE_01.00013: RPTFILE assertion" name="00011: Check for EMP_DTL_SLASH2"/>
    <testcase classname="CWKTDB2X_Unit_Tests.CWKTDB2X_Scenario.00001: CWKTDB2XCase1.CWKTDB2X_RPTFILE_FILE_01.00013: RPTFILE assertion" name="00012: Check for EMP_DTL_HIRE_YY"/>
    <testcase classname="CWKTDB2X_Unit_Tests.CWKTDB2X_Scenario.00001: CWKTDB2XCase1.CWKTDB2X_RPTFILE_FILE_01.00013: RPTFILE assertion" name="00013: Check for FILLER4"/>
    <testcase classname="CWKTDB2X_Unit_Tests.CWKTDB2X_Scenario.00001: CWKTDB2XCase1.CWKTDB2X_RPTFILE_FILE_01.00013: RPTFILE assertion" name="00014: Check for EMP_DTL_YRS_OF_SERVICE"/>
    <testcase classname="CWKTDB2X_Unit_Tests.CWKTDB2X_Scenario.00001: CWKTDB2XCase1.CWKTDB2X_RPTFILE_FILE_01.00013: RPTFILE assertion" name="00015: Check for FILLER5"/>
    <testcase classname="CWKTDB2X_Unit_Tests.CWKTDB2X_Scenario.00001: CWKTDB2XCase1.CWKTDB2X_RPTFILE_FILE_01.00013: RPTFILE assertion" name="00016: Check for EMP_DTL_WAGES"/>
    <testcase classname="CWKTDB2X_Unit_Tests.CWKTDB2X_Scenario.00001: CWKTDB2XCase1.CWKTDB2X_RPTFILE_FILE_01.00013: RPTFILE assertion" name="00017: Check for FILLER6"/>
    <testcase classname="CWKTDB2X_Unit_Tests.CWKTDB2X_Scenario.00001: CWKTDB2XCase1.CWKTDB2X_RPTFILE_FILE_01.00013: RPTFILE assertion" name="00018: Check for EMP_DTL_OT"/>
    <testcase classname="CWKTDB2X_Unit_Tests.CWKTDB2X_Scenario.00001: CWKTDB2XCase1.CWKTDB2X_RPTFILE_FILE_01.00013: RPTFILE assertion" name="00019: Check for FILLER7"/>
    <testcase classname="CWKTDB2X_Unit_Tests.CWKTDB2X_Scenario.00001: CWKTDB2XCase1.CWKTDB2X_RPTFILE_FILE_01.00013: RPTFILE assertion" name="00020: Check for EMP_DTL_COMM"/>
    <testcase classname="CWKTDB2X_Unit_Tests.CWKTDB2X_Scenario.00001: CWKTDB2XCase1.CWKTDB2X_RPTFILE_FILE_01.00013: RPTFILE assertion" name="00021: Check for FILLER8"/>
    <testcase classname="CWKTDB2X_Unit_Tests.CWKTDB2X_Scenario.00001: CWKTDB2XCase1.CWKTDB2X_RPTFILE_FILE_01.00013: RPTFILE assertion" name="00022: Check for EMP_DTL_TOTAL"/>
  </testsuite>
  <testsuite errors="0" failures="0" name="CWKTDB2X_Unit_Tests.CWKTDB2X_Scenario.00001: CWKTDB2XCase1.CWKTDB2X_RPTFILE_FILE_01.00014: RPTFILE assertion" tests="151">
    <testcase classname="CWKTDB2X_Unit_Tests.CWKTDB2X_Scenario.00001: CWKTDB2XCase1.CWKTDB2X_RPTFILE_FILE_01.00014: RPTFILE assertion" name="00001: Check for FILLER0"/>
    <testcase classname="CWKTDB2X_Unit_Tests.CWKTDB2X_Scenario.00001: CWKTDB2XCase1.CWKTDB2X_RPTFILE_FILE_01.00014: RPTFILE assertion" name="00002: Check for EMP_DTL_NAME"/>
    <testcase classname="CWKTDB2X_Unit_Tests.CWKTDB2X_Scenario.00001: CWKTDB2XCase1.CWKTDB2X_RPTFILE_FILE_01.00014: RPTFILE assertion" name="00003: Check for FILLER1"/>
    <testcase classname="CWKTDB2X_Unit_Tests.CWKTDB2X_Scenario.00001: CWKTDB2XCase1.CWKTDB2X_RPTFILE_FILE_01.00014: RPTFILE assertion" name="00004: Check for EMP_DTL_REGION"/>
    <testcase classname="CWKTDB2X_Unit_Tests.CWKTDB2X_Scenario.00001: CWKTDB2XCase1.CWKTDB2X_RPTFILE_FILE_01.00014: RPTFILE assertion" name="00005: Check for FILLER2"/>
    <testcase classname="CWKTDB2X_Unit_Tests.CWKTDB2X_Scenario.00001: CWKTDB2XCase1.CWKTDB2X_RPTFILE_FILE_01.00014: RPTFILE assertion" name="00006: Check for EMP_DTL_TYPE"/>
    <testcase classname="CWKTDB2X_Unit_Tests.CWKTDB2X_Scenario.00001: CWKTDB2XCase1.CWKTDB2X_RPTFILE_FILE_01.00014: RPTFILE assertion" name="00007: Check for FILLER3"/>
    <testcase classname="CWKTDB2X_Unit_Tests.CWKTDB2X_Scenario.00001: CWKTDB2XCase1.CWKTDB2X_RPTFILE_FILE_01.00014: RPTFILE assertion" name="00008: Check for EMP_DTL_HIRE_MM"/>
    <testcase classname="CWKTDB2X_Unit_Tests.CWKTDB2X_Scenario.00001: CWKTDB2XCase1.CWKTDB2X_RPTFILE_FILE_01.00014: RPTFILE assertion" name="00009: Check for EMP_DTL_SLASH1"/>
    <testcase classname="CWKTDB2X_Unit_Tests.CWKTDB2X_Scenario.00001: CWKTDB2XCase1.CWKTDB2X_RPTFILE_FILE_01.00014: RPTFILE assertion" name="00010: Check for EMP_DTL_HIRE_DD"/>
    <testcase classname="CWKTDB2X_Unit_Tests.CWKTDB2X_Scenario.00001: CWKTDB2XCase1.CWKTDB2X_RPTFILE_FILE_01.00014: RPTFILE assertion" name="00011: Check for EMP_DTL_SLASH2"/>
    <testcase classname="CWKTDB2X_Unit_Tests.CWKTDB2X_Scenario.00001: CWKTDB2XCase1.CWKTDB2X_RPTFILE_FILE_01.00014: RPTFILE assertion" name="00012: Check for EMP_DTL_HIRE_YY"/>
    <testcase classname="CWKTDB2X_Unit_Tests.CWKTDB2X_Scenario.00001: CWKTDB2XCase1.CWKTDB2X_RPTFILE_FILE_01.00014: RPTFILE assertion" name="00013: Check for FILLER4"/>
    <testcase classname="CWKTDB2X_Unit_Tests.CWKTDB2X_Scenario.00001: CWKTDB2XCase1.CWKTDB2X_RPTFILE_FILE_01.00014: RPTFILE assertion" name="00014: Check for EMP_DTL_YRS_OF_SERVICE"/>
    <testcase classname="CWKTDB2X_Unit_Tests.CWKTDB2X_Scenario.00001: CWKTDB2XCase1.CWKTDB2X_RPTFILE_FILE_01.00014: RPTFILE assertion" name="00015: Check for FILLER5"/>
    <testcase classname="CWKTDB2X_Unit_Tests.CWKTDB2X_Scenario.00001: CWKTDB2XCase1.CWKTDB2X_RPTFILE_FILE_01.00014: RPTFILE assertion" name="00016: Check for EMP_DTL_WAGES"/>
    <testcase classname="CWKTDB2X_Unit_Tests.CWKTDB2X_Scenario.00001: CWKTDB2XCase1.CWKTDB2X_RPTFILE_FILE_01.00014: RPTFILE assertion" name="00017: Check for FILLER6"/>
    <testcase classname="CWKTDB2X_Unit_Tests.CWKTDB2X_Scenario.00001: CWKTDB2XCase1.CWKTDB2X_RPTFILE_FILE_01.00014: RPTFILE assertion" name="00018: Check for EMP_DTL_OT"/>
    <testcase classname="CWKTDB2X_Unit_Tests.CWKTDB2X_Scenario.00001: CWKTDB2XCase1.CWKTDB2X_RPTFILE_FILE_01.00014: RPTFILE assertion" name="00019: Check for FILLER7"/>
    <testcase classname="CWKTDB2X_Unit_Tests.CWKTDB2X_Scenario.00001: CWKTDB2XCase1.CWKTDB2X_RPTFILE_FILE_01.00014: RPTFILE assertion" name="00020: Check for EMP_DTL_COMM"/>
    <testcase classname="CWKTDB2X_Unit_Tests.CWKTDB2X_Scenario.00001: CWKTDB2XCase1.CWKTDB2X_RPTFILE_FILE_01.00014: RPTFILE assertion" name="00021: Check for FILLER8"/>
    <testcase classname="CWKTDB2X_Unit_Tests.CWKTDB2X_Scenario.00001: CWKTDB2XCase1.CWKTDB2X_RPTFILE_FILE_01.00014: RPTFILE assertion" name="00022: Check for EMP_DTL_TOTAL"/>
  </testsuite>
  <testsuite errors="0" failures="0" name="CWKTDB2X_Unit_Tests.CWKTDB2X_Scenario.00001: CWKTDB2XCase1.CWKTDB2X_RPTFILE_FILE_01.00015: RPTFILE assertion" tests="173">
    <testcase classname="CWKTDB2X_Unit_Tests.CWKTDB2X_Scenario.00001: CWKTDB2XCase1.CWKTDB2X_RPTFILE_FILE_01.00015: RPTFILE assertion" name="00001: Check for FILLER0"/>
    <testcase classname="CWKTDB2X_Unit_Tests.CWKTDB2X_Scenario.00001: CWKTDB2XCase1.CWKTDB2X_RPTFILE_FILE_01.00015: RPTFILE assertion" name="00002: Check for EMP_DTL_NAME"/>
    <testcase classname="CWKTDB2X_Unit_Tests.CWKTDB2X_Scenario.00001: CWKTDB2XCase1.CWKTDB2X_RPTFILE_FILE_01.00015: RPTFILE assertion" name="00003: Check for FILLER1"/>
    <testcase classname="CWKTDB2X_Unit_Tests.CWKTDB2X_Scenario.00001: CWKTDB2XCase1.CWKTDB2X_RPTFILE_FILE_01.00015: RPTFILE assertion" name="00004: Check for EMP_DTL_REGION"/>
    <testcase classname="CWKTDB2X_Unit_Tests.CWKTDB2X_Scenario.00001: CWKTDB2XCase1.CWKTDB2X_RPTFILE_FILE_01.00015: RPTFILE assertion" name="00005: Check for FILLER2"/>
    <testcase classname="CWKTDB2X_Unit_Tests.CWKTDB2X_Scenario.00001: CWKTDB2XCase1.CWKTDB2X_RPTFILE_FILE_01.00015: RPTFILE assertion" name="00006: Check for EMP_DTL_TYPE"/>
    <testcase classname="CWKTDB2X_Unit_Tests.CWKTDB2X_Scenario.00001: CWKTDB2XCase1.CWKTDB2X_RPTFILE_FILE_01.00015: RPTFILE assertion" name="00007: Check for FILLER3"/>
    <testcase classname="CWKTDB2X_Unit_Tests.CWKTDB2X_Scenario.00001: CWKTDB2XCase1.CWKTDB2X_RPTFILE_FILE_01.00015: RPTFILE assertion" name="00008: Check for EMP_DTL_HIRE_MM"/>
    <testcase classname="CWKTDB2X_Unit_Tests.CWKTDB2X_Scenario.00001: CWKTDB2XCase1.CWKTDB2X_RPTFILE_FILE_01.00015: RPTFILE assertion" name="00009: Check for EMP_DTL_SLASH1"/>
    <testcase classname="CWKTDB2X_Unit_Tests.CWKTDB2X_Scenario.00001: CWKTDB2XCase1.CWKTDB2X_RPTFILE_FILE_01.00015: RPTFILE assertion" name="00010: Check for EMP_DTL_HIRE_DD"/>
    <testcase classname="CWKTDB2X_Unit_Tests.CWKTDB2X_Scenario.00001: CWKTDB2XCase1.CWKTDB2X_RPTFILE_FILE_01.00015: RPTFILE assertion" name="00011: Check for EMP_DTL_SLASH2"/>
    <testcase classname="CWKTDB2X_Unit_Tests.CWKTDB2X_Scenario.00001: CWKTDB2XCase1.CWKTDB2X_RPTFILE_FILE_01.00015: RPTFILE assertion" name="00012: Check for EMP_DTL_HIRE_YY"/>
    <testcase classname="CWKTDB2X_Unit_Tests.CWKTDB2X_Scenario.00001: CWKTDB2XCase1.CWKTDB2X_RPTFILE_FILE_01.00015: RPTFILE assertion" name="00013: Check for FILLER4"/>
    <testcase classname="CWKTDB2X_Unit_Tests.CWKTDB2X_Scenario.00001: CWKTDB2XCase1.CWKTDB2X_RPTFILE_FILE_01.00015: RPTFILE assertion" name="00014: Check for EMP_DTL_YRS_OF_SERVICE"/>
    <testcase classname="CWKTDB2X_Unit_Tests.CWKTDB2X_Scenario.00001: CWKTDB2XCase1.CWKTDB2X_RPTFILE_FILE_01.00015: RPTFILE assertion" name="00015: Check for FILLER5"/>
    <testcase classname="CWKTDB2X_Unit_Tests.CWKTDB2X_Scenario.00001: CWKTDB2XCase1.CWKTDB2X_RPTFILE_FILE_01.00015: RPTFILE assertion" name="00016: Check for EMP_DTL_WAGES"/>
    <testcase classname="CWKTDB2X_Unit_Tests.CWKTDB2X_Scenario.00001: CWKTDB2XCase1.CWKTDB2X_RPTFILE_FILE_01.00015: RPTFILE assertion" name="00017: Check for FILLER6"/>
    <testcase classname="CWKTDB2X_Unit_Tests.CWKTDB2X_Scenario.00001: CWKTDB2XCase1.CWKTDB2X_RPTFILE_FILE_01.00015: RPTFILE assertion" name="00018: Check for EMP_DTL_OT"/>
    <testcase classname="CWKTDB2X_Unit_Tests.CWKTDB2X_Scenario.00001: CWKTDB2XCase1.CWKTDB2X_RPTFILE_FILE_01.00015: RPTFILE assertion" name="00019: Check for FILLER7"/>
    <testcase classname="CWKTDB2X_Unit_Tests.CWKTDB2X_Scenario.00001: CWKTDB2XCase1.CWKTDB2X_RPTFILE_FILE_01.00015: RPTFILE assertion" name="00020: Check for EMP_DTL_COMM"/>
    <testcase classname="CWKTDB2X_Unit_Tests.CWKTDB2X_Scenario.00001: CWKTDB2XCase1.CWKTDB2X_RPTFILE_FILE_01.00015: RPTFILE assertion" name="00021: Check for FILLER8"/>
    <testcase classname="CWKTDB2X_Unit_Tests.CWKTDB2X_Scenario.00001: CWKTDB2XCase1.CWKTDB2X_RPTFILE_FILE_01.00015: RPTFILE assertion" name="00022: Check for EMP_DTL_TOTAL"/>
  </testsuite>
  <testsuite errors="0" failures="0" name="CWKTDB2X_Unit_Tests.CWKTDB2X_Scenario.00001: CWKTDB2XCase1.CWKTDB2X_RPTFILE_FILE_01.00016: RPTFILE assertion" tests="195">
    <testcase classname="CWKTDB2X_Unit_Tests.CWKTDB2X_Scenario.00001: CWKTDB2XCase1.CWKTDB2X_RPTFILE_FILE_01.00016: RPTFILE assertion" name="00001: Check for FILLER0"/>
    <testcase classname="CWKTDB2X_Unit_Tests.CWKTDB2X_Scenario.00001: CWKTDB2XCase1.CWKTDB2X_RPTFILE_FILE_01.00016: RPTFILE assertion" name="00002: Check for EMP_DTL_NAME"/>
    <testcase classname="CWKTDB2X_Unit_Tests.CWKTDB2X_Scenario.00001: CWKTDB2XCase1.CWKTDB2X_RPTFILE_FILE_01.00016: RPTFILE assertion" name="00003: Check for FILLER1"/>
    <testcase classname="CWKTDB2X_Unit_Tests.CWKTDB2X_Scenario.00001: CWKTDB2XCase1.CWKTDB2X_RPTFILE_FILE_01.00016: RPTFILE assertion" name="00004: Check for EMP_DTL_REGION"/>
    <testcase classname="CWKTDB2X_Unit_Tests.CWKTDB2X_Scenario.00001: CWKTDB2XCase1.CWKTDB2X_RPTFILE_FILE_01.00016: RPTFILE assertion" name="00005: Check for FILLER2"/>
    <testcase classname="CWKTDB2X_Unit_Tests.CWKTDB2X_Scenario.00001: CWKTDB2XCase1.CWKTDB2X_RPTFILE_FILE_01.00016: RPTFILE assertion" name="00006: Check for EMP_DTL_TYPE"/>
    <testcase classname="CWKTDB2X_Unit_Tests.CWKTDB2X_Scenario.00001: CWKTDB2XCase1.CWKTDB2X_RPTFILE_FILE_01.00016: RPTFILE assertion" name="00007: Check for FILLER3"/>
    <testcase classname="CWKTDB2X_Unit_Tests.CWKTDB2X_Scenario.00001: CWKTDB2XCase1.CWKTDB2X_RPTFILE_FILE_01.00016: RPTFILE assertion" name="00008: Check for EMP_DTL_HIRE_MM"/>
    <testcase classname="CWKTDB2X_Unit_Tests.CWKTDB2X_Scenario.00001: CWKTDB2XCase1.CWKTDB2X_RPTFILE_FILE_01.00016: RPTFILE assertion" name="00009: Check for EMP_DTL_SLASH1"/>
    <testcase classname="CWKTDB2X_Unit_Tests.CWKTDB2X_Scenario.00001: CWKTDB2XCase1.CWKTDB2X_RPTFILE_FILE_01.00016: RPTFILE assertion" name="00010: Check for EMP_DTL_HIRE_DD"/>
    <testcase classname="CWKTDB2X_Unit_Tests.CWKTDB2X_Scenario.00001: CWKTDB2XCase1.CWKTDB2X_RPTFILE_FILE_01.00016: RPTFILE assertion" name="00011: Check for EMP_DTL_SLASH2"/>
    <testcase classname="CWKTDB2X_Unit_Tests.CWKTDB2X_Scenario.00001: CWKTDB2XCase1.CWKTDB2X_RPTFILE_FILE_01.00016: RPTFILE assertion" name="00012: Check for EMP_DTL_HIRE_YY"/>
    <testcase classname="CWKTDB2X_Unit_Tests.CWKTDB2X_Scenario.00001: CWKTDB2XCase1.CWKTDB2X_RPTFILE_FILE_01.00016: RPTFILE assertion" name="00013: Check for FILLER4"/>
    <testcase classname="CWKTDB2X_Unit_Tests.CWKTDB2X_Scenario.00001: CWKTDB2XCase1.CWKTDB2X_RPTFILE_FILE_01.00016: RPTFILE assertion" name="00014: Check for EMP_DTL_YRS_OF_SERVICE"/>
    <testcase classname="CWKTDB2X_Unit_Tests.CWKTDB2X_Scenario.00001: CWKTDB2XCase1.CWKTDB2X_RPTFILE_FILE_01.00016: RPTFILE assertion" name="00015: Check for FILLER5"/>
    <testcase classname="CWKTDB2X_Unit_Tests.CWKTDB2X_Scenario.00001: CWKTDB2XCase1.CWKTDB2X_RPTFILE_FILE_01.00016: RPTFILE assertion" name="00016: Check for EMP_DTL_WAGES"/>
    <testcase classname="CWKTDB2X_Unit_Tests.CWKTDB2X_Scenario.00001: CWKTDB2XCase1.CWKTDB2X_RPTFILE_FILE_01.00016: RPTFILE assertion" name="00017: Check for FILLER6"/>
    <testcase classname="CWKTDB2X_Unit_Tests.CWKTDB2X_Scenario.00001: CWKTDB2XCase1.CWKTDB2X_RPTFILE_FILE_01.00016: RPTFILE assertion" name="00018: Check for EMP_DTL_OT"/>
    <testcase classname="CWKTDB2X_Unit_Tests.CWKTDB2X_Scenario.00001: CWKTDB2XCase1.CWKTDB2X_RPTFILE_FILE_01.00016: RPTFILE assertion" name="00019: Check for FILLER7"/>
    <testcase classname="CWKTDB2X_Unit_Tests.CWKTDB2X_Scenario.00001: CWKTDB2XCase1.CWKTDB2X_RPTFILE_FILE_01.00016: RPTFILE assertion" name="00020: Check for EMP_DTL_COMM"/>
    <testcase classname="CWKTDB2X_Unit_Tests.CWKTDB2X_Scenario.00001: CWKTDB2XCase1.CWKTDB2X_RPTFILE_FILE_01.00016: RPTFILE assertion" name="00021: Check for FILLER8"/>
    <testcase classname="CWKTDB2X_Unit_Tests.CWKTDB2X_Scenario.00001: CWKTDB2XCase1.CWKTDB2X_RPTFILE_FILE_01.00016: RPTFILE assertion" name="00022: Check for EMP_DTL_TOTAL"/>
  </testsuite>
  <testsuite errors="0" failures="0" name="CWKTDB2X_Unit_Tests.CWKTDB2X_Scenario.00001: CWKTDB2XCase1.CWKTDB2X_RPTFILE_FILE_01.00017: RPTFILE assertion" tests="217">
    <testcase classname="CWKTDB2X_Unit_Tests.CWKTDB2X_Scenario.00001: CWKTDB2XCase1.CWKTDB2X_RPTFILE_FILE_01.00017: RPTFILE assertion" name="00001: Check for FILLER0"/>
    <testcase classname="CWKTDB2X_Unit_Tests.CWKTDB2X_Scenario.00001: CWKTDB2XCase1.CWKTDB2X_RPTFILE_FILE_01.00017: RPTFILE assertion" name="00002: Check for EMP_DTL_NAME"/>
    <testcase classname="CWKTDB2X_Unit_Tests.CWKTDB2X_Scenario.00001: CWKTDB2XCase1.CWKTDB2X_RPTFILE_FILE_01.00017: RPTFILE assertion" name="00003: Check for FILLER1"/>
    <testcase classname="CWKTDB2X_Unit_Tests.CWKTDB2X_Scenario.00001: CWKTDB2XCase1.CWKTDB2X_RPTFILE_FILE_01.00017: RPTFILE assertion" name="00004: Check for EMP_DTL_REGION"/>
    <testcase classname="CWKTDB2X_Unit_Tests.CWKTDB2X_Scenario.00001: CWKTDB2XCase1.CWKTDB2X_RPTFILE_FILE_01.00017: RPTFILE assertion" name="00005: Check for FILLER2"/>
    <testcase classname="CWKTDB2X_Unit_Tests.CWKTDB2X_Scenario.00001: CWKTDB2XCase1.CWKTDB2X_RPTFILE_FILE_01.00017: RPTFILE assertion" name="00006: Check for EMP_DTL_TYPE"/>
    <testcase classname="CWKTDB2X_Unit_Tests.CWKTDB2X_Scenario.00001: CWKTDB2XCase1.CWKTDB2X_RPTFILE_FILE_01.00017: RPTFILE assertion" name="00007: Check for FILLER3"/>
    <testcase classname="CWKTDB2X_Unit_Tests.CWKTDB2X_Scenario.00001: CWKTDB2XCase1.CWKTDB2X_RPTFILE_FILE_01.00017: RPTFILE assertion" name="00008: Check for EMP_DTL_HIRE_MM"/>
    <testcase classname="CWKTDB2X_Unit_Tests.CWKTDB2X_Scenario.00001: CWKTDB2XCase1.CWKTDB2X_RPTFILE_FILE_01.00017: RPTFILE assertion" name="00009: Check for EMP_DTL_SLASH1"/>
    <testcase classname="CWKTDB2X_Unit_Tests.CWKTDB2X_Scenario.00001: CWKTDB2XCase1.CWKTDB2X_RPTFILE_FILE_01.00017: RPTFILE assertion" name="00010: Check for EMP_DTL_HIRE_DD"/>
    <testcase classname="CWKTDB2X_Unit_Tests.CWKTDB2X_Scenario.00001: CWKTDB2XCase1.CWKTDB2X_RPTFILE_FILE_01.00017: RPTFILE assertion" name="00011: Check for EMP_DTL_SLASH2"/>
    <testcase classname="CWKTDB2X_Unit_Tests.CWKTDB2X_Scenario.00001: CWKTDB2XCase1.CWKTDB2X_RPTFILE_FILE_01.00017: RPTFILE assertion" name="00012: Check for EMP_DTL_HIRE_YY"/>
    <testcase classname="CWKTDB2X_Unit_Tests.CWKTDB2X_Scenario.00001: CWKTDB2XCase1.CWKTDB2X_RPTFILE_FILE_01.00017: RPTFILE assertion" name="00013: Check for FILLER4"/>
    <testcase classname="CWKTDB2X_Unit_Tests.CWKTDB2X_Scenario.00001: CWKTDB2XCase1.CWKTDB2X_RPTFILE_FILE_01.00017: RPTFILE assertion" name="00014: Check for EMP_DTL_YRS_OF_SERVICE"/>
    <testcase classname="CWKTDB2X_Unit_Tests.CWKTDB2X_Scenario.00001: CWKTDB2XCase1.CWKTDB2X_RPTFILE_FILE_01.00017: RPTFILE assertion" name="00015: Check for FILLER5"/>
    <testcase classname="CWKTDB2X_Unit_Tests.CWKTDB2X_Scenario.00001: CWKTDB2XCase1.CWKTDB2X_RPTFILE_FILE_01.00017: RPTFILE assertion" name="00016: Check for EMP_DTL_WAGES"/>
    <testcase classname="CWKTDB2X_Unit_Tests.CWKTDB2X_Scenario.00001: CWKTDB2XCase1.CWKTDB2X_RPTFILE_FILE_01.00017: RPTFILE assertion" name="00017: Check for FILLER6"/>
    <testcase classname="CWKTDB2X_Unit_Tests.CWKTDB2X_Scenario.00001: CWKTDB2XCase1.CWKTDB2X_RPTFILE_FILE_01.00017: RPTFILE assertion" name="00018: Check for EMP_DTL_OT"/>
    <testcase classname="CWKTDB2X_Unit_Tests.CWKTDB2X_Scenario.00001: CWKTDB2XCase1.CWKTDB2X_RPTFILE_FILE_01.00017: RPTFILE assertion" name="00019: Check for FILLER7"/>
    <testcase classname="CWKTDB2X_Unit_Tests.CWKTDB2X_Scenario.00001: CWKTDB2XCase1.CWKTDB2X_RPTFILE_FILE_01.00017: RPTFILE assertion" name="00020: Check for EMP_DTL_COMM"/>
    <testcase classname="CWKTDB2X_Unit_Tests.CWKTDB2X_Scenario.00001: CWKTDB2XCase1.CWKTDB2X_RPTFILE_FILE_01.00017: RPTFILE assertion" name="00021: Check for FILLER8"/>
    <testcase classname="CWKTDB2X_Unit_Tests.CWKTDB2X_Scenario.00001: CWKTDB2XCase1.CWKTDB2X_RPTFILE_FILE_01.00017: RPTFILE assertion" name="00022: Check for EMP_DTL_TOTAL"/>
  </testsuite>
  <testsuite errors="0" failures="0" name="CWKTDB2X_Unit_Tests.CWKTDB2X_Scenario.00001: CWKTDB2XCase1.CWKTDB2X_RPTFILE_FILE_01.00018: RPTFILE assertion" tests="218">
    <testcase classname="CWKTDB2X_Unit_Tests.CWKTDB2X_Scenario.00001: CWKTDB2XCase1.CWKTDB2X_RPTFILE_FILE_01.00018: RPTFILE assertion" name="00001: Check for BLANK_LINE"/>
  </testsuite>
  <testsuite errors="0" failures="0" name="CWKTDB2X_Unit_Tests.CWKTDB2X_Scenario.00001: CWKTDB2XCase1.CWKTDB2X_RPTFILE_FILE_01.00019: RPTFILE assertion" tests="222">
    <testcase classname="CWKTDB2X_Unit_Tests.CWKTDB2X_Scenario.00001: CWKTDB2XCase1.CWKTDB2X_RPTFILE_FILE_01.00019: RPTFILE assertion" name="00001: Check for FILLER0"/>
    <testcase classname="CWKTDB2X_Unit_Tests.CWKTDB2X_Scenario.00001: CWKTDB2XCase1.CWKTDB2X_RPTFILE_FILE_01.00019: RPTFILE assertion" name="00002: Check for FILLER1"/>
    <testcase classname="CWKTDB2X_Unit_Tests.CWKTDB2X_Scenario.00001: CWKTDB2XCase1.CWKTDB2X_RPTFILE_FILE_01.00019: RPTFILE assertion" name="00003: Check for FILLER2"/>
    <testcase classname="CWKTDB2X_Unit_Tests.CWKTDB2X_Scenario.00001: CWKTDB2XCase1.CWKTDB2X_RPTFILE_FILE_01.00019: RPTFILE assertion" name="00004: Check for EMP_GRAND_TOTAL"/>
  </testsuite>
  <testsuite errors="0" failures="0" name="CWKTDB2X_Unit_Tests.CWKTDB2X_Scenario.00001: CWKTDB2XCase1.CWKTDB2X_DATETIME_01.00001: ACCEPT DATE assertion" tests="0">
    <testcase classname="CWKTDB2X_Unit_Tests.CWKTDB2X_Scenario.00001: CWKTDB2XCase1.CWKTDB2X_DATETIME_01.00001: ACCEPT DATE assertion" name="ACCEPT DATE"/>
  </testsuite>
</testsuites>