<testsuites>
  <testsuite name="Folder: /XADB2TST_Functional_Tests/Functional Test for Environment: CWCC Batch" errors="1" tests="1" failures="0" time="0" timestamp="2020-03-24T15:45:28">
    <system-out />
    <testcase classname="../../../../Functional Test/XADB2TST_Functional_Tests/Functional Test" name="XADB2TST_Insert.xaunit">
      <error message="The ExecutionContext file C:/Users/cwde-rnuesse.EMEA/git/TTT_Release_Test/Release_Test_Non_Virtualized/Functional Test/XADB2TST_Functional_Tests/Functional Test/XADB2TST_Insert.xactx refers to environementId: 5cee98c2d3142c1f90a4976d but only test scenario for the test suite environment with id: 5e7a190fcf655a12a4d4df4d is allowed">No log information</error>
    </testcase>
    <testcase classname="../../../../Functional Test/XADB2TST_Functional_Tests/Functional Test" name="XADB2TST_Get.xaunit">
      <error message="The ExecutionContext file C:/Users/cwde-rnuesse.EMEA/git/TTT_Release_Test/Release_Test_Non_Virtualized/Functional Test/XADB2TST_Functional_Tests/Functional Test/XADB2TST_Get.xactx refers to environementId: 5cee98c2d3142c1f90a4976d but only test scenario for the test suite environment with id: 5e7a190fcf655a12a4d4df4d is allowed">No log information</error>
    </testcase>
    <testcase classname="../../../../Functional Test/XADB2TST_Functional_Tests/Functional Test" name="XADB2TST_Modify.xaunit">
      <error message="The ExecutionContext file C:/Users/cwde-rnuesse.EMEA/git/TTT_Release_Test/Release_Test_Non_Virtualized/Functional Test/XADB2TST_Functional_Tests/Functional Test/XADB2TST_Modify.xactx refers to environementId: 5cee98c2d3142c1f90a4976d but only test scenario for the test suite environment with id: 5e7a190fcf655a12a4d4df4d is allowed">No log information</error>
    </testcase>
    <testcase classname="../../../../Functional Test/XADB2TST_Functional_Tests/Functional Test" name="XADB2TST_Delete.xaunit">
      <error message="The ExecutionContext file C:/Users/cwde-rnuesse.EMEA/git/TTT_Release_Test/Release_Test_Non_Virtualized/Functional Test/XADB2TST_Functional_Tests/Functional Test/XADB2TST_Delete.xactx refers to environementId: 5cee98c2d3142c1f90a4976d but only test scenario for the test suite environment with id: 5e7a190fcf655a12a4d4df4d is allowed">No log information</error>
    </testcase>
    <testcase classname="../../../../Functional Test/XADB2TST_Functional_Tests/Functional Test" name="XADB2TST_CRUD.xaunit">
      <error message="The ExecutionContext file C:/Users/cwde-rnuesse.EMEA/git/TTT_Release_Test/Release_Test_Non_Virtualized/Functional Test/XADB2TST_Functional_Tests/Functional Test/XADB2TST_CRUD.xactx refers to environementId: 5cee98c2d3142c1f90a4976d but only test scenario for the test suite environment with id: 5e7a190fcf655a12a4d4df4d is allowed">No log information</error>
    </testcase>
  </testsuite>
</testsuites>