<?xml version="1.1" encoding="UTF-8"?>
<?totaltestVersion 20.2.1.v20200322-0318_101?>
<!--Topaz for Total Test 20.2.1.v20200322-0318_101 May 4, 2020 11:04:20 AM-->
<testsuites>
  <testsuite errors="0" failures="0" name="CWKTSQL_Demo_VersionX.CWKTSQL_Update_Scenario.00001: CWKTSQLCase1" tests="27">
    <testcase classname="CWKTSQL_Demo_VersionX.CWKTSQL_Update_Scenario.00001: CWKTSQLCase1" name="00001: Check for RETURN_CODE"/>
    <testcase classname="CWKTSQL_Demo_VersionX.CWKTSQL_Update_Scenario.00001: CWKTSQLCase1" name="00002: Check for LS_SQL_FUNCTION"/>
    <testcase classname="CWKTSQL_Demo_VersionX.CWKTSQL_Update_Scenario.00001: CWKTSQLCase1" name="00003: Check for LS_SQL_CODE"/>
    <testcase classname="CWKTSQL_Demo_VersionX.CWKTSQL_Update_Scenario.00001: CWKTSQLCase1" name="00004: Check for WA_EMP_NUM"/>
    <testcase classname="CWKTSQL_Demo_VersionX.CWKTSQL_Update_Scenario.00001: CWKTSQLCase1" name="00005: Check for WA_EMP_TYPE"/>
    <testcase classname="CWKTSQL_Demo_VersionX.CWKTSQL_Update_Scenario.00001: CWKTSQLCase1" name="00006: Check for WA_EMP_REGION"/>
    <testcase classname="CWKTSQL_Demo_VersionX.CWKTSQL_Update_Scenario.00001: CWKTSQLCase1" name="00007: Check for WA_EMP_NAME"/>
    <testcase classname="CWKTSQL_Demo_VersionX.CWKTSQL_Update_Scenario.00001: CWKTSQLCase1" name="00008: Check for WA_EMP_STREET"/>
    <testcase classname="CWKTSQL_Demo_VersionX.CWKTSQL_Update_Scenario.00001: CWKTSQLCase1" name="00009: Check for WA_EMP_CITY"/>
    <testcase classname="CWKTSQL_Demo_VersionX.CWKTSQL_Update_Scenario.00001: CWKTSQLCase1" name="00010: Check for WA_EMP_STATE"/>
    <testcase classname="CWKTSQL_Demo_VersionX.CWKTSQL_Update_Scenario.00001: CWKTSQLCase1" name="00011: Check for WA_EMP_ZIP"/>
    <testcase classname="CWKTSQL_Demo_VersionX.CWKTSQL_Update_Scenario.00001: CWKTSQLCase1" name="00012: Check for WA_EMP_HOURS"/>
    <testcase classname="CWKTSQL_Demo_VersionX.CWKTSQL_Update_Scenario.00001: CWKTSQLCase1" name="00013: Check for WA_EMP_RATE"/>
    <testcase classname="CWKTSQL_Demo_VersionX.CWKTSQL_Update_Scenario.00001: CWKTSQLCase1" name="00014: Check for FILLER0"/>
    <testcase classname="CWKTSQL_Demo_VersionX.CWKTSQL_Update_Scenario.00001: CWKTSQLCase1" name="00015: Check for WA_SALES_SALARY"/>
    <testcase classname="CWKTSQL_Demo_VersionX.CWKTSQL_Update_Scenario.00001: CWKTSQLCase1" name="00016: Check for WA_SALES_AMOUNT"/>
    <testcase classname="CWKTSQL_Demo_VersionX.CWKTSQL_Update_Scenario.00001: CWKTSQLCase1" name="00017: Check for FILLER1"/>
    <testcase classname="CWKTSQL_Demo_VersionX.CWKTSQL_Update_Scenario.00001: CWKTSQLCase1" name="00018: Check for WA_MGMT_SALARY"/>
    <testcase classname="CWKTSQL_Demo_VersionX.CWKTSQL_Update_Scenario.00001: CWKTSQLCase1" name="00019: Check for FILLER2"/>
    <testcase classname="CWKTSQL_Demo_VersionX.CWKTSQL_Update_Scenario.00001: CWKTSQLCase1" name="00020: Check for WA_EMP_HIRE_YY"/>
    <testcase classname="CWKTSQL_Demo_VersionX.CWKTSQL_Update_Scenario.00001: CWKTSQLCase1" name="00021: Check for WA_EMP_HIRE_MM"/>
    <testcase classname="CWKTSQL_Demo_VersionX.CWKTSQL_Update_Scenario.00001: CWKTSQLCase1" name="00022: Check for WA_EMP_HIRE_DD"/>
    <testcase classname="CWKTSQL_Demo_VersionX.CWKTSQL_Update_Scenario.00001: CWKTSQLCase1" name="00023: Check for FILLER3"/>
    <testcase classname="CWKTSQL_Demo_VersionX.CWKTSQL_Update_Scenario.00001: CWKTSQLCase1" name="00024: Check for EMP_WAGES"/>
    <testcase classname="CWKTSQL_Demo_VersionX.CWKTSQL_Update_Scenario.00001: CWKTSQLCase1" name="00025: Check for EMP_COMMISSION"/>
    <testcase classname="CWKTSQL_Demo_VersionX.CWKTSQL_Update_Scenario.00001: CWKTSQLCase1" name="00026: Check for OT_AMOUNT"/>
    <testcase classname="CWKTSQL_Demo_VersionX.CWKTSQL_Update_Scenario.00001: CWKTSQLCase1" name="00027: Check for ERROR_MESSAGE"/>
  </testsuite>
  <testsuite errors="0" failures="0" name="CWKTSQL_Demo_VersionX.CWKTSQL_Update_Scenario.00001: CWKTSQLCase1.CWKTSQL_Update_1_SQL_01.00001: Update assertion" tests="4">
    <testcase classname="CWKTSQL_Demo_VersionX.CWKTSQL_Update_Scenario.00001: CWKTSQLCase1.CWKTSQL_Update_1_SQL_01.00001: Update assertion" name="00001: Check for WAGES"/>
    <testcase classname="CWKTSQL_Demo_VersionX.CWKTSQL_Update_Scenario.00001: CWKTSQLCase1.CWKTSQL_Update_1_SQL_01.00001: Update assertion" name="00002: Check for OVERTIME"/>
    <testcase classname="CWKTSQL_Demo_VersionX.CWKTSQL_Update_Scenario.00001: CWKTSQLCase1.CWKTSQL_Update_1_SQL_01.00001: Update assertion" name="00003: Check for COMM"/>
    <testcase classname="CWKTSQL_Demo_VersionX.CWKTSQL_Update_Scenario.00001: CWKTSQLCase1.CWKTSQL_Update_1_SQL_01.00001: Update assertion" name="00004: Check for EMP_NUM"/>
  </testsuite>
  <testsuite errors="0" failures="2" name="CWKTSQL_Demo_VersionX.CWKTSQL_Update_Scenario.00002: CWKTSQLCase2" tests="27">
    <testcase classname="CWKTSQL_Demo_VersionX.CWKTSQL_Update_Scenario.00002: CWKTSQLCase2" name="00001: Check for RETURN_CODE">
      <failure>Check for RETURN_CODE failed

Actual Value:    0

Expected Value:   16</failure>
    </testcase>
    <testcase classname="CWKTSQL_Demo_VersionX.CWKTSQL_Update_Scenario.00002: CWKTSQLCase2" name="00002: Check for LS_SQL_FUNCTION"/>
    <testcase classname="CWKTSQL_Demo_VersionX.CWKTSQL_Update_Scenario.00002: CWKTSQLCase2" name="00003: Check for LS_SQL_CODE"/>
    <testcase classname="CWKTSQL_Demo_VersionX.CWKTSQL_Update_Scenario.00002: CWKTSQLCase2" name="00004: Check for WA_EMP_NUM"/>
    <testcase classname="CWKTSQL_Demo_VersionX.CWKTSQL_Update_Scenario.00002: CWKTSQLCase2" name="00005: Check for WA_EMP_TYPE"/>
    <testcase classname="CWKTSQL_Demo_VersionX.CWKTSQL_Update_Scenario.00002: CWKTSQLCase2" name="00006: Check for WA_EMP_REGION"/>
    <testcase classname="CWKTSQL_Demo_VersionX.CWKTSQL_Update_Scenario.00002: CWKTSQLCase2" name="00007: Check for WA_EMP_NAME"/>
    <testcase classname="CWKTSQL_Demo_VersionX.CWKTSQL_Update_Scenario.00002: CWKTSQLCase2" name="00008: Check for WA_EMP_STREET"/>
    <testcase classname="CWKTSQL_Demo_VersionX.CWKTSQL_Update_Scenario.00002: CWKTSQLCase2" name="00009: Check for WA_EMP_CITY"/>
    <testcase classname="CWKTSQL_Demo_VersionX.CWKTSQL_Update_Scenario.00002: CWKTSQLCase2" name="00010: Check for WA_EMP_STATE"/>
    <testcase classname="CWKTSQL_Demo_VersionX.CWKTSQL_Update_Scenario.00002: CWKTSQLCase2" name="00011: Check for WA_EMP_ZIP"/>
    <testcase classname="CWKTSQL_Demo_VersionX.CWKTSQL_Update_Scenario.00002: CWKTSQLCase2" name="00012: Check for WA_EMP_HOURS"/>
    <testcase classname="CWKTSQL_Demo_VersionX.CWKTSQL_Update_Scenario.00002: CWKTSQLCase2" name="00013: Check for WA_EMP_RATE"/>
    <testcase classname="CWKTSQL_Demo_VersionX.CWKTSQL_Update_Scenario.00002: CWKTSQLCase2" name="00014: Check for FILLER0"/>
    <testcase classname="CWKTSQL_Demo_VersionX.CWKTSQL_Update_Scenario.00002: CWKTSQLCase2" name="00015: Check for WA_SALES_SALARY"/>
    <testcase classname="CWKTSQL_Demo_VersionX.CWKTSQL_Update_Scenario.00002: CWKTSQLCase2" name="00016: Check for WA_SALES_AMOUNT"/>
    <testcase classname="CWKTSQL_Demo_VersionX.CWKTSQL_Update_Scenario.00002: CWKTSQLCase2" name="00017: Check for FILLER1"/>
    <testcase classname="CWKTSQL_Demo_VersionX.CWKTSQL_Update_Scenario.00002: CWKTSQLCase2" name="00018: Check for WA_MGMT_SALARY"/>
    <testcase classname="CWKTSQL_Demo_VersionX.CWKTSQL_Update_Scenario.00002: CWKTSQLCase2" name="00019: Check for FILLER2"/>
    <testcase classname="CWKTSQL_Demo_VersionX.CWKTSQL_Update_Scenario.00002: CWKTSQLCase2" name="00020: Check for WA_EMP_HIRE_YY"/>
    <testcase classname="CWKTSQL_Demo_VersionX.CWKTSQL_Update_Scenario.00002: CWKTSQLCase2" name="00021: Check for WA_EMP_HIRE_MM"/>
    <testcase classname="CWKTSQL_Demo_VersionX.CWKTSQL_Update_Scenario.00002: CWKTSQLCase2" name="00022: Check for WA_EMP_HIRE_DD"/>
    <testcase classname="CWKTSQL_Demo_VersionX.CWKTSQL_Update_Scenario.00002: CWKTSQLCase2" name="00023: Check for FILLER3"/>
    <testcase classname="CWKTSQL_Demo_VersionX.CWKTSQL_Update_Scenario.00002: CWKTSQLCase2" name="00024: Check for EMP_WAGES"/>
    <testcase classname="CWKTSQL_Demo_VersionX.CWKTSQL_Update_Scenario.00002: CWKTSQLCase2" name="00025: Check for EMP_COMMISSION"/>
    <testcase classname="CWKTSQL_Demo_VersionX.CWKTSQL_Update_Scenario.00002: CWKTSQLCase2" name="00026: Check for OT_AMOUNT"/>
    <testcase classname="CWKTSQL_Demo_VersionX.CWKTSQL_Update_Scenario.00002: CWKTSQLCase2" name="00027: Check for ERROR_MESSAGE">
      <failure>Check for ERROR_MESSAGE failed

Actual Value:    X'0000000F0000000095000F0095000F0000000000000000000095000F000000000F0000000000000000000F000000000000000000000000000000000000000000000000000000000000000000000000C3'

Expected Value:   X'C1D540C5D9D9D6D940C8C1E240D6C3C3E4D9C5C440C9D540E4D7C4C1E3C540C6E4D5C3E3C9D6D54B40E2D8D340C3D6C4C540E6C1E27A4060F6F6F6404040404040404040404040404040404040404040'</failure>
    </testcase>
  </testsuite>
  <testsuite errors="0" failures="0" name="CWKTSQL_Demo_VersionX.CWKTSQL_Update_Scenario.00002: CWKTSQLCase2.CWKTSQL_Update_1_SQL_02.00001: Update assertion" tests="4">
    <testcase classname="CWKTSQL_Demo_VersionX.CWKTSQL_Update_Scenario.00002: CWKTSQLCase2.CWKTSQL_Update_1_SQL_02.00001: Update assertion" name="00001: Check for WAGES"/>
    <testcase classname="CWKTSQL_Demo_VersionX.CWKTSQL_Update_Scenario.00002: CWKTSQLCase2.CWKTSQL_Update_1_SQL_02.00001: Update assertion" name="00002: Check for OVERTIME"/>
    <testcase classname="CWKTSQL_Demo_VersionX.CWKTSQL_Update_Scenario.00002: CWKTSQLCase2.CWKTSQL_Update_1_SQL_02.00001: Update assertion" name="00003: Check for COMM"/>
    <testcase classname="CWKTSQL_Demo_VersionX.CWKTSQL_Update_Scenario.00002: CWKTSQLCase2.CWKTSQL_Update_1_SQL_02.00001: Update assertion" name="00004: Check for EMP_NUM"/>
  </testsuite>
</testsuites>